1775028242.443993 2026-04-01 02:24:02 MainProcess-2061657 MainThread-140124304049984 parsl.dataflow.dflow:99 __init__ INFO: Starting DataFlowKernel with config
Config(
    dependency_resolver=None, 
    executors=(HighThroughputExecutor(
        address=None, 
        address_probe_timeout=None, 
        available_accelerators=[], 
        block_error_handler=<function simple_error_handler at 0x7f709bfa5800>, 
        cores_per_worker=1.0, 
        cpu_affinity='none', 
        drain_period=None, 
        encrypted=True, 
        heartbeat_period=30, 
        heartbeat_threshold=120, 
        interchange_launch_cmd=['interchange.py'], 
        interchange_port_range=(55000, 56000), 
        label='HighThroughputExecutor', 
        launch_cmd='process_worker_pool.py {debug} {max_workers_per_node} -a {addresses} -p {prefetch_capacity} -c {cores_per_worker} -m {mem_per_worker} --poll {poll_period} --port={worker_port} --cert_dir {cert_dir} --logdir={logdir} --block_id={{block_id}} --hb_period={heartbeat_period} {address_probe_timeout_string} --hb_threshold={heartbeat_threshold} --drain_period={drain_period} --cpu-affinity {cpu_affinity} {enable_mpi_mode} --mpi-launcher={mpi_launcher} --available-accelerators {accelerators}', 
        loopback_address='127.0.0.1', 
        manager_selector=<parsl.executors.high_throughput.manager_selector.RandomManagerSelector object at 0x7f709c1356a0>, 
        max_workers_per_node=2, 
        mem_per_worker=None, 
        poll_period=10, 
        prefetch_capacity=0, 
        provider=LocalProvider(
            cmd_timeout=30, 
            init_blocks=1, 
            launcher=SingleNodeLauncher(debug=True, fail_on_any=False), 
            max_blocks=1, 
            min_blocks=0, 
            nodes_per_block=1, 
            parallelism=1, 
            worker_init='cd /home/agueroudji/Work/mofa/academy/examples/07-mol-designconda activate ./mol-design;'
        ), 
        remote_monitoring_radio=HTEXRadio(), 
        storage_access=None, 
        worker_debug=False, 
        worker_logdir_root=None, 
        worker_port=None, 
        worker_port_range=(54000, 55000), 
        working_dir=None
    ),), 
    exit_mode='cleanup', 
    garbage_collect=True, 
    initialize_logging=True, 
    internal_tasks_max_threads=10, 
    max_idletime=120.0, 
    memoizer=None, 
    monitoring=None, 
    project_name=None, 
    retries=0, 
    retry_handler=None, 
    run_dir='runinfo', 
    std_autopath=None, 
    strategy='simple', 
    strategy_period=5, 
    usage_tracking=0
)
1775028242.444168 2026-04-01 02:24:02 MainProcess-2061657 MainThread-140124304049984 parsl.dataflow.dflow:101 __init__ INFO: Parsl version: 2026.03.23
1775028242.444268 2026-04-01 02:24:02 MainProcess-2061657 MainThread-140124304049984 parsl.usage_tracking.usage:119 __init__ DEBUG: Tracking level: 0
1775028242.444336 2026-04-01 02:24:02 MainProcess-2061657 MainThread-140124304049984 parsl.dataflow.dflow:124 __init__ INFO: Run id is: 9596275d-5ec3-45cc-b80e-eedfb13c4d65
1775028242.497127 2026-04-01 02:24:02 MainProcess-2061657 MainThread-140124304049984 parsl.dataflow.dflow:131 __init__ DEBUG: Considering candidate for workflow name: /home/agueroudji/miniconda3/envs/07/lib/python3.13/site-packages/parsl/dataflow/dflow.py
1775028242.497203 2026-04-01 02:24:02 MainProcess-2061657 MainThread-140124304049984 parsl.dataflow.dflow:131 __init__ DEBUG: Considering candidate for workflow name: /home/agueroudji/miniconda3/envs/07/lib/python3.13/site-packages/parsl/dataflow/dflow.py
1775028242.497225 2026-04-01 02:24:02 MainProcess-2061657 MainThread-140124304049984 parsl.dataflow.dflow:131 __init__ DEBUG: Considering candidate for workflow name: /home/agueroudji/miniconda3/envs/07/lib/python3.13/site-packages/parsl/concurrent/__init__.py
1775028242.497242 2026-04-01 02:24:02 MainProcess-2061657 MainThread-140124304049984 parsl.dataflow.dflow:131 __init__ DEBUG: Considering candidate for workflow name: /home/agueroudji/Work/mofa/academy/examples/07-mol-design/run-07.py
1775028242.497260 2026-04-01 02:24:02 MainProcess-2061657 MainThread-140124304049984 parsl.dataflow.dflow:137 __init__ DEBUG: Using run-07.py as workflow name
1775028242.497404 2026-04-01 02:24:02 MainProcess-2061657 MainThread-140124304049984 parsl.dataflow.memoization:335 start INFO: App caching initialized
1775028242.497458 2026-04-01 02:24:02 MainProcess-2061657 MainThread-140124304049984 parsl.jobs.strategy:145 __init__ DEBUG: Scaling strategy: simple
1775028242.497851 2026-04-01 02:24:02 MainProcess-2061657 JobStatusPoller-Timer-Thread-140121595451712-140121593743040 parsl.jobs.strategy:184 _general_strategy DEBUG: general strategy starting with strategy_type simple for 0 executors
1775028242.498058 2026-04-01 02:24:02 MainProcess-2061657 JobStatusPoller-Timer-Thread-140121595451712-140121593743040 parsl.process_loggers:27 wrapped DEBUG: Normal ending for _general_strategy on thread JobStatusPoller-Timer-Thread-140121595451712
1775028242.498111 2026-04-01 02:24:02 MainProcess-2061657 MainThread-140124304049984 parsl.executors.high_throughput.executor:440 start DEBUG: Creating CurveZMQ certificates
1775028242.500178 2026-04-01 02:24:02 MainProcess-2061657 MainThread-140124304049984 parsl.executors.high_throughput.executor:616 _start_result_queue_thread DEBUG: Starting result queue thread
1775028242.500458 2026-04-01 02:24:02 MainProcess-2061657 HTEX-Result-Queue-Thread-140121470912192 parsl.executors.high_throughput.executor:493 _result_queue_worker DEBUG: Result queue worker starting
1775028242.500530 2026-04-01 02:24:02 MainProcess-2061657 MainThread-140124304049984 parsl.executors.high_throughput.executor:620 _start_result_queue_thread DEBUG: Started result queue thread: <Thread(HTEX-Result-Queue-Thread, started daemon 140121470912192)>
1775028242.504857 2026-04-01 02:24:02 MainProcess-2061657 MainThread-140124304049984 parsl.executors.high_throughput.executor:592 _start_local_interchange_process DEBUG: Popened interchange process. Writing config object
1775028242.504915 2026-04-01 02:24:02 MainProcess-2061657 MainThread-140124304049984 parsl.executors.high_throughput.executor:596 _start_local_interchange_process DEBUG: Sent config object. Requesting worker ports
1775028242.504942 2026-04-01 02:24:02 MainProcess-2061657 MainThread-140124304049984 parsl.executors.high_throughput.zmq_pipes:77 run DEBUG: Sending command client command
1775028242.890170 2026-04-01 02:24:02 MainProcess-2061657 MainThread-140124304049984 parsl.executors.high_throughput.zmq_pipes:92 run DEBUG: Polling for command client response or timeout
1775028242.890745 2026-04-01 02:24:02 MainProcess-2061657 MainThread-140124304049984 parsl.executors.high_throughput.zmq_pipes:104 run DEBUG: Receiving command client response
1775028242.890807 2026-04-01 02:24:02 MainProcess-2061657 MainThread-140124304049984 parsl.executors.high_throughput.zmq_pipes:106 run DEBUG: Received command client response
1775028242.890841 2026-04-01 02:24:02 MainProcess-2061657 MainThread-140124304049984 parsl.executors.high_throughput.executor:602 _start_local_interchange_process DEBUG: Interchange process started (<Popen: returncode: None args: ['interchange.py']>).  Worker port: 54565
1775028242.890895 2026-04-01 02:24:02 MainProcess-2061657 MainThread-140124304049984 parsl.executors.high_throughput.executor:431 initialize_scaling DEBUG: Launch command: process_worker_pool.py  --max_workers_per_node=2 -a 172.16.10.1,130.202.232.189,172.17.0.1,172.19.0.1,127.0.0.1,172.18.0.1,192.168.1.65 -p 0 -c 1.0 -m None --poll 10 --port=54565 --cert_dir /home/agueroudji/Work/mofa/academy/examples/07-mol-design/runinfo/020/HighThroughputExecutor/certificates --logdir=/home/agueroudji/Work/mofa/academy/examples/07-mol-design/runinfo/020/HighThroughputExecutor --block_id={block_id} --hb_period=30  --hb_threshold=120 --drain_period=None --cpu-affinity none  --mpi-launcher=mpiexec --available-accelerators 
1775028242.890914 2026-04-01 02:24:02 MainProcess-2061657 MainThread-140124304049984 parsl.executors.high_throughput.executor:433 initialize_scaling DEBUG: Starting HighThroughputExecutor with provider:
LocalProvider(
    cmd_timeout=30, 
    init_blocks=1, 
    launcher=SingleNodeLauncher(debug=True, fail_on_any=False), 
    max_blocks=1, 
    min_blocks=0, 
    nodes_per_block=1, 
    parallelism=1, 
    worker_init='cd /home/agueroudji/Work/mofa/academy/examples/07-mol-designconda activate ./mol-design;'
)
1775028242.891259 2026-04-01 02:24:02 MainProcess-2061657 MainThread-140124304049984 parsl.jobs.job_status_poller:30 add_executors DEBUG: Adding executor HighThroughputExecutor
1775028242.897442 2026-04-01 02:24:02 MainProcess-2061657 MainThread-140124304049984 parsl.dataflow.dflow:942 submit DEBUG: Task 0 will be sent to executor HighThroughputExecutor
1775028242.897593 2026-04-01 02:24:02 MainProcess-2061657 MainThread-140124304049984 parsl.dataflow.dflow:750 _add_output_deps DEBUG: Adding output dependencies
1775028242.897654 2026-04-01 02:24:02 MainProcess-2061657 MainThread-140124304049984 parsl.dataflow.dflow:991 submit DEBUG: Added output dependencies
1775028242.897697 2026-04-01 02:24:02 MainProcess-2061657 MainThread-140124304049984 parsl.dataflow.dflow:1000 submit DEBUG: Gathering dependencies
1775028242.897787 2026-04-01 02:24:02 MainProcess-2061657 MainThread-140124304049984 parsl.dataflow.dflow:1003 submit DEBUG: Gathered dependencies
1775028242.897833 2026-04-01 02:24:02 MainProcess-2061657 MainThread-140124304049984 parsl.dataflow.dflow:1015 submit INFO: Task 0 submitted for App _run_agent_on_worker, not waiting on any dependency
1775028242.897913 2026-04-01 02:24:02 MainProcess-2061657 MainThread-140124304049984 parsl.dataflow.dflow:1019 submit DEBUG: Task 0 set to pending state with AppFuture: <AppFuture at 0x7f7099ec3e00 state=pending>
1775028242.898316 2026-04-01 02:24:02 MainProcess-2061657 Task-Launch_0-140121454126784 parsl.dataflow.memoization:379 check_memo DEBUG: Task 0 will not be memoized
1775028242.898604 2026-04-01 02:24:02 MainProcess-2061657 Task-Launch_0-140121454126784 parsl.executors.high_throughput.executor:703 submit DEBUG: Pushing function <function _run_agent_on_worker at 0x7f7099f17d80> to queue with args ("_RunSpec(agent=<class 'mol_design_agents.XTBSimulationAgent'>, config=RuntimeConfig(cancel_actions_o...",)
1775028242.901244 2026-04-01 02:24:02 MainProcess-2061657 Task-Launch_0-140121454126784 parsl.executors.high_throughput.zmq_pipes:148 put DEBUG: Sending TasksOutgoing message
1775028242.901581 2026-04-01 02:24:02 MainProcess-2061657 Task-Launch_0-140121454126784 parsl.executors.high_throughput.zmq_pipes:150 put DEBUG: Sent TasksOutgoing message
1775028242.901929 2026-04-01 02:24:02 MainProcess-2061657 Task-Launch_0-140121454126784 parsl.dataflow.dflow:703 launch_task INFO: Parsl task 0 try 0 launched on executor HighThroughputExecutor with executor id 1
1775028242.902148 2026-04-01 02:24:02 MainProcess-2061657 Task-Launch_0-140121454126784 parsl.dataflow.dflow:1199 log_std_stream INFO: Standard out for task 0 will not be redirected.
1775028242.902250 2026-04-01 02:24:02 MainProcess-2061657 Task-Launch_0-140121454126784 parsl.dataflow.dflow:1199 log_std_stream INFO: Standard error for task 0 will not be redirected.
1775028242.902341 2026-04-01 02:24:02 MainProcess-2061657 Task-Launch_0-140121454126784 parsl.process_loggers:27 wrapped DEBUG: Normal ending for _launch_if_ready_async on thread Task-Launch_0
1775028242.903008 2026-04-01 02:24:02 MainProcess-2061657 MainThread-140124304049984 parsl.dataflow.dflow:942 submit DEBUG: Task 1 will be sent to executor HighThroughputExecutor
1775028242.903105 2026-04-01 02:24:02 MainProcess-2061657 MainThread-140124304049984 parsl.dataflow.dflow:750 _add_output_deps DEBUG: Adding output dependencies
1775028242.903182 2026-04-01 02:24:02 MainProcess-2061657 MainThread-140124304049984 parsl.dataflow.dflow:991 submit DEBUG: Added output dependencies
1775028242.903227 2026-04-01 02:24:02 MainProcess-2061657 MainThread-140124304049984 parsl.dataflow.dflow:1000 submit DEBUG: Gathering dependencies
1775028242.903275 2026-04-01 02:24:02 MainProcess-2061657 MainThread-140124304049984 parsl.dataflow.dflow:1003 submit DEBUG: Gathered dependencies
1775028242.903313 2026-04-01 02:24:02 MainProcess-2061657 MainThread-140124304049984 parsl.dataflow.dflow:1015 submit INFO: Task 1 submitted for App _run_agent_on_worker, not waiting on any dependency
1775028242.903400 2026-04-01 02:24:02 MainProcess-2061657 MainThread-140124304049984 parsl.dataflow.dflow:1019 submit DEBUG: Task 1 set to pending state with AppFuture: <AppFuture at 0x7f7099ec7610 state=pending>
1775028242.903551 2026-04-01 02:24:02 MainProcess-2061657 Task-Launch_0-140121454126784 parsl.dataflow.memoization:379 check_memo DEBUG: Task 1 will not be memoized
1775028242.903944 2026-04-01 02:24:02 MainProcess-2061657 Task-Launch_0-140121454126784 parsl.executors.high_throughput.executor:703 submit DEBUG: Pushing function <function _run_agent_on_worker at 0x7f7099f17d80> to queue with args ("_RunSpec(agent=<class 'mol_design_agents.XTBSimulationAgent'>, config=RuntimeConfig(cancel_actions_o...",)
1775028242.904845 2026-04-01 02:24:02 MainProcess-2061657 Task-Launch_0-140121454126784 parsl.executors.high_throughput.zmq_pipes:148 put DEBUG: Sending TasksOutgoing message
1775028242.904962 2026-04-01 02:24:02 MainProcess-2061657 Task-Launch_0-140121454126784 parsl.executors.high_throughput.zmq_pipes:150 put DEBUG: Sent TasksOutgoing message
1775028242.905025 2026-04-01 02:24:02 MainProcess-2061657 Task-Launch_0-140121454126784 parsl.dataflow.dflow:703 launch_task INFO: Parsl task 1 try 0 launched on executor HighThroughputExecutor with executor id 2
1775028242.905108 2026-04-01 02:24:02 MainProcess-2061657 Task-Launch_0-140121454126784 parsl.dataflow.dflow:1199 log_std_stream INFO: Standard out for task 1 will not be redirected.
1775028242.905190 2026-04-01 02:24:02 MainProcess-2061657 Task-Launch_0-140121454126784 parsl.dataflow.dflow:1199 log_std_stream INFO: Standard error for task 1 will not be redirected.
1775028242.905258 2026-04-01 02:24:02 MainProcess-2061657 Task-Launch_0-140121454126784 parsl.process_loggers:27 wrapped DEBUG: Normal ending for _launch_if_ready_async on thread Task-Launch_0
1775028247.498474 2026-04-01 02:24:07 MainProcess-2061657 JobStatusPoller-Timer-Thread-140121595451712-140121593743040 parsl.executors.high_throughput.zmq_pipes:77 run DEBUG: Sending command client command
1775028247.498879 2026-04-01 02:24:07 MainProcess-2061657 JobStatusPoller-Timer-Thread-140121595451712-140121593743040 parsl.executors.high_throughput.zmq_pipes:104 run DEBUG: Receiving command client response
1775028247.500583 2026-04-01 02:24:07 MainProcess-2061657 JobStatusPoller-Timer-Thread-140121595451712-140121593743040 parsl.executors.high_throughput.zmq_pipes:106 run DEBUG: Received command client response
1775028247.500880 2026-04-01 02:24:07 MainProcess-2061657 JobStatusPoller-Timer-Thread-140121595451712-140121593743040 parsl.jobs.strategy:184 _general_strategy DEBUG: general strategy starting with strategy_type simple for 1 executors
1775028247.500980 2026-04-01 02:24:07 MainProcess-2061657 JobStatusPoller-Timer-Thread-140121595451712-140121593743040 parsl.jobs.strategy:194 _general_strategy DEBUG: [Scaling executor HighThroughputExecutor] Strategizing for executor
1775028247.501935 2026-04-01 02:24:07 MainProcess-2061657 JobStatusPoller-Timer-Thread-140121595451712-140121593743040 parsl.jobs.strategy:197 _general_strategy DEBUG: [Scaling executor HighThroughputExecutor] Scaling out 1 initial blocks
1775028247.502022 2026-04-01 02:24:07 MainProcess-2061657 JobStatusPoller-Timer-Thread-140121595451712-140121593743040 parsl.executors.status_handling:207 scale_out_facade INFO: [Scaling executor HighThroughputExecutor] Scaling out by 1 blocks
1775028247.502150 2026-04-01 02:24:07 MainProcess-2061657 JobStatusPoller-Timer-Thread-140121595451712-140121593743040 parsl.executors.status_handling:210 scale_out_facade INFO: [Scaling executor HighThroughputExecutor] Allocated block ID 0
1775028247.502240 2026-04-01 02:24:07 MainProcess-2061657 JobStatusPoller-Timer-Thread-140121595451712-140121593743040 parsl.executors.status_handling:265 _launch_block DEBUG: [Scaling executor HighThroughputExecutor] Submitting to provider with job_name parsl.HighThroughputExecutor.block-0
1775028247.502568 2026-04-01 02:24:07 MainProcess-2061657 JobStatusPoller-Timer-Thread-140121595451712-140121593743040 parsl.providers.local.local:208 submit DEBUG: Launching
1775028247.502631 2026-04-01 02:24:07 MainProcess-2061657 JobStatusPoller-Timer-Thread-140121595451712-140121593743040 parsl.utils:498 execute_wait DEBUG: Creating process with command '/bin/bash -c 'echo - >/home/agueroudji/Work/mofa/academy/examples/07-mol-design/runinfo/020/submit_scripts/parsl.HighThroughputExecutor.block-0.1775028247.5023065.sh.ec && { { bash /home/agueroudji/Work/mofa/academy/examples/07-mol-design/runinfo/020/submit_scripts/parsl.HighThroughputExecutor.block-0.1775028247.5023065.sh 1>/home/agueroudji/Work/mofa/academy/examples/07-mol-design/runinfo/020/submit_scripts/parsl.HighThroughputExecutor.block-0.1775028247.5023065.sh.out 2>/home/agueroudji/Work/mofa/academy/examples/07-mol-design/runinfo/020/submit_scripts/parsl.HighThroughputExecutor.block-0.1775028247.5023065.sh.err ; echo $? > /home/agueroudji/Work/mofa/academy/examples/07-mol-design/runinfo/020/submit_scripts/parsl.HighThroughputExecutor.block-0.1775028247.5023065.sh.ec ; } >/dev/null 2>&1 & echo "PID:$!" ; }''
1775028247.522332 2026-04-01 02:24:07 MainProcess-2061657 JobStatusPoller-Timer-Thread-140121595451712-140121593743040 parsl.utils:506 execute_wait DEBUG: Created process with pid 2061694. Performing communicate
1775028247.526393 2026-04-01 02:24:07 MainProcess-2061657 JobStatusPoller-Timer-Thread-140121595451712-140121593743040 parsl.utils:509 execute_wait DEBUG: Process 2061694 returned 0
1775028247.526541 2026-04-01 02:24:07 MainProcess-2061657 JobStatusPoller-Timer-Thread-140121595451712-140121593743040 parsl.utils:515 execute_wait DEBUG: Execution of command in process 2061694 completed normally
1775028247.526734 2026-04-01 02:24:07 MainProcess-2061657 JobStatusPoller-Timer-Thread-140121595451712-140121593743040 parsl.executors.status_handling:268 _launch_block DEBUG: [Scaling executor HighThroughputExecutor] Launched block 0 with job ID 2061696
1775028247.526907 2026-04-01 02:24:07 MainProcess-2061657 JobStatusPoller-Timer-Thread-140121595451712-140121593743040 parsl.jobs.strategy:220 _general_strategy DEBUG: [Scaling executor HighThroughputExecutor] Executor 2 active tasks, 2 active slots, and 0/1 running/pending blocks
1775028247.527005 2026-04-01 02:24:07 MainProcess-2061657 JobStatusPoller-Timer-Thread-140121595451712-140121593743040 parsl.jobs.strategy:312 _general_strategy DEBUG: [Scaling executor HighThroughputExecutor] Strategy case 3: no changes necessary to current block load
1775028247.527091 2026-04-01 02:24:07 MainProcess-2061657 JobStatusPoller-Timer-Thread-140121595451712-140121593743040 parsl.process_loggers:27 wrapped DEBUG: Normal ending for _general_strategy on thread JobStatusPoller-Timer-Thread-140121595451712
1775028252.528423 2026-04-01 02:24:12 MainProcess-2061657 JobStatusPoller-Timer-Thread-140121595451712-140121593743040 parsl.executors.high_throughput.zmq_pipes:77 run DEBUG: Sending command client command
1775028252.529049 2026-04-01 02:24:12 MainProcess-2061657 JobStatusPoller-Timer-Thread-140121595451712-140121593743040 parsl.executors.high_throughput.zmq_pipes:104 run DEBUG: Receiving command client response
1775028252.530591 2026-04-01 02:24:12 MainProcess-2061657 JobStatusPoller-Timer-Thread-140121595451712-140121593743040 parsl.executors.high_throughput.zmq_pipes:106 run DEBUG: Received command client response
1775028252.530914 2026-04-01 02:24:12 MainProcess-2061657 JobStatusPoller-Timer-Thread-140121595451712-140121593743040 parsl.jobs.strategy:184 _general_strategy DEBUG: general strategy starting with strategy_type simple for 1 executors
1775028252.531020 2026-04-01 02:24:12 MainProcess-2061657 JobStatusPoller-Timer-Thread-140121595451712-140121593743040 parsl.jobs.strategy:194 _general_strategy DEBUG: [Scaling executor HighThroughputExecutor] Strategizing for executor
1775028252.531146 2026-04-01 02:24:12 MainProcess-2061657 JobStatusPoller-Timer-Thread-140121595451712-140121593743040 parsl.jobs.strategy:220 _general_strategy DEBUG: [Scaling executor HighThroughputExecutor] Executor 2 active tasks, 2 active slots, and 1/0 running/pending blocks
1775028252.531273 2026-04-01 02:24:12 MainProcess-2061657 JobStatusPoller-Timer-Thread-140121595451712-140121593743040 parsl.jobs.strategy:312 _general_strategy DEBUG: [Scaling executor HighThroughputExecutor] Strategy case 3: no changes necessary to current block load
1775028252.531340 2026-04-01 02:24:12 MainProcess-2061657 JobStatusPoller-Timer-Thread-140121595451712-140121593743040 parsl.process_loggers:27 wrapped DEBUG: Normal ending for _general_strategy on thread JobStatusPoller-Timer-Thread-140121595451712
1775028257.531932 2026-04-01 02:24:17 MainProcess-2061657 JobStatusPoller-Timer-Thread-140121595451712-140121593743040 parsl.executors.high_throughput.zmq_pipes:77 run DEBUG: Sending command client command
1775028257.532402 2026-04-01 02:24:17 MainProcess-2061657 JobStatusPoller-Timer-Thread-140121595451712-140121593743040 parsl.executors.high_throughput.zmq_pipes:104 run DEBUG: Receiving command client response
1775028257.534076 2026-04-01 02:24:17 MainProcess-2061657 JobStatusPoller-Timer-Thread-140121595451712-140121593743040 parsl.executors.high_throughput.zmq_pipes:106 run DEBUG: Received command client response
1775028257.534414 2026-04-01 02:24:17 MainProcess-2061657 JobStatusPoller-Timer-Thread-140121595451712-140121593743040 parsl.jobs.strategy:184 _general_strategy DEBUG: general strategy starting with strategy_type simple for 1 executors
1775028257.534498 2026-04-01 02:24:17 MainProcess-2061657 JobStatusPoller-Timer-Thread-140121595451712-140121593743040 parsl.jobs.strategy:194 _general_strategy DEBUG: [Scaling executor HighThroughputExecutor] Strategizing for executor
1775028257.534576 2026-04-01 02:24:17 MainProcess-2061657 JobStatusPoller-Timer-Thread-140121595451712-140121593743040 parsl.jobs.strategy:220 _general_strategy DEBUG: [Scaling executor HighThroughputExecutor] Executor 2 active tasks, 2 active slots, and 1/0 running/pending blocks
1775028257.534642 2026-04-01 02:24:17 MainProcess-2061657 JobStatusPoller-Timer-Thread-140121595451712-140121593743040 parsl.jobs.strategy:312 _general_strategy DEBUG: [Scaling executor HighThroughputExecutor] Strategy case 3: no changes necessary to current block load
1775028257.534695 2026-04-01 02:24:17 MainProcess-2061657 JobStatusPoller-Timer-Thread-140121595451712-140121593743040 parsl.process_loggers:27 wrapped DEBUG: Normal ending for _general_strategy on thread JobStatusPoller-Timer-Thread-140121595451712
1775028262.535432 2026-04-01 02:24:22 MainProcess-2061657 JobStatusPoller-Timer-Thread-140121595451712-140121593743040 parsl.executors.high_throughput.zmq_pipes:77 run DEBUG: Sending command client command
1775028262.535737 2026-04-01 02:24:22 MainProcess-2061657 JobStatusPoller-Timer-Thread-140121595451712-140121593743040 parsl.executors.high_throughput.zmq_pipes:104 run DEBUG: Receiving command client response
1775028262.537060 2026-04-01 02:24:22 MainProcess-2061657 JobStatusPoller-Timer-Thread-140121595451712-140121593743040 parsl.executors.high_throughput.zmq_pipes:106 run DEBUG: Received command client response
1775028262.537349 2026-04-01 02:24:22 MainProcess-2061657 JobStatusPoller-Timer-Thread-140121595451712-140121593743040 parsl.jobs.strategy:184 _general_strategy DEBUG: general strategy starting with strategy_type simple for 1 executors
1775028262.537433 2026-04-01 02:24:22 MainProcess-2061657 JobStatusPoller-Timer-Thread-140121595451712-140121593743040 parsl.jobs.strategy:194 _general_strategy DEBUG: [Scaling executor HighThroughputExecutor] Strategizing for executor
1775028262.537517 2026-04-01 02:24:22 MainProcess-2061657 JobStatusPoller-Timer-Thread-140121595451712-140121593743040 parsl.jobs.strategy:220 _general_strategy DEBUG: [Scaling executor HighThroughputExecutor] Executor 2 active tasks, 2 active slots, and 1/0 running/pending blocks
1775028262.537589 2026-04-01 02:24:22 MainProcess-2061657 JobStatusPoller-Timer-Thread-140121595451712-140121593743040 parsl.jobs.strategy:312 _general_strategy DEBUG: [Scaling executor HighThroughputExecutor] Strategy case 3: no changes necessary to current block load
1775028262.537665 2026-04-01 02:24:22 MainProcess-2061657 JobStatusPoller-Timer-Thread-140121595451712-140121593743040 parsl.process_loggers:27 wrapped DEBUG: Normal ending for _general_strategy on thread JobStatusPoller-Timer-Thread-140121595451712
1775028267.538374 2026-04-01 02:24:27 MainProcess-2061657 JobStatusPoller-Timer-Thread-140121595451712-140121593743040 parsl.executors.high_throughput.zmq_pipes:77 run DEBUG: Sending command client command
1775028267.538723 2026-04-01 02:24:27 MainProcess-2061657 JobStatusPoller-Timer-Thread-140121595451712-140121593743040 parsl.executors.high_throughput.zmq_pipes:104 run DEBUG: Receiving command client response
1775028267.540581 2026-04-01 02:24:27 MainProcess-2061657 JobStatusPoller-Timer-Thread-140121595451712-140121593743040 parsl.executors.high_throughput.zmq_pipes:106 run DEBUG: Received command client response
1775028267.540847 2026-04-01 02:24:27 MainProcess-2061657 JobStatusPoller-Timer-Thread-140121595451712-140121593743040 parsl.jobs.strategy:184 _general_strategy DEBUG: general strategy starting with strategy_type simple for 1 executors
1775028267.540945 2026-04-01 02:24:27 MainProcess-2061657 JobStatusPoller-Timer-Thread-140121595451712-140121593743040 parsl.jobs.strategy:194 _general_strategy DEBUG: [Scaling executor HighThroughputExecutor] Strategizing for executor
1775028267.541041 2026-04-01 02:24:27 MainProcess-2061657 JobStatusPoller-Timer-Thread-140121595451712-140121593743040 parsl.jobs.strategy:220 _general_strategy DEBUG: [Scaling executor HighThroughputExecutor] Executor 2 active tasks, 2 active slots, and 1/0 running/pending blocks
1775028267.541116 2026-04-01 02:24:27 MainProcess-2061657 JobStatusPoller-Timer-Thread-140121595451712-140121593743040 parsl.jobs.strategy:312 _general_strategy DEBUG: [Scaling executor HighThroughputExecutor] Strategy case 3: no changes necessary to current block load
1775028267.541200 2026-04-01 02:24:27 MainProcess-2061657 JobStatusPoller-Timer-Thread-140121595451712-140121593743040 parsl.process_loggers:27 wrapped DEBUG: Normal ending for _general_strategy on thread JobStatusPoller-Timer-Thread-140121595451712
1775028272.541527 2026-04-01 02:24:32 MainProcess-2061657 JobStatusPoller-Timer-Thread-140121595451712-140121593743040 parsl.executors.high_throughput.zmq_pipes:77 run DEBUG: Sending command client command
1775028272.541676 2026-04-01 02:24:32 MainProcess-2061657 JobStatusPoller-Timer-Thread-140121595451712-140121593743040 parsl.executors.high_throughput.zmq_pipes:104 run DEBUG: Receiving command client response
1775028272.542566 2026-04-01 02:24:32 MainProcess-2061657 JobStatusPoller-Timer-Thread-140121595451712-140121593743040 parsl.executors.high_throughput.zmq_pipes:106 run DEBUG: Received command client response
1775028272.542685 2026-04-01 02:24:32 MainProcess-2061657 JobStatusPoller-Timer-Thread-140121595451712-140121593743040 parsl.jobs.strategy:184 _general_strategy DEBUG: general strategy starting with strategy_type simple for 1 executors
1775028272.542726 2026-04-01 02:24:32 MainProcess-2061657 JobStatusPoller-Timer-Thread-140121595451712-140121593743040 parsl.jobs.strategy:194 _general_strategy DEBUG: [Scaling executor HighThroughputExecutor] Strategizing for executor
1775028272.542767 2026-04-01 02:24:32 MainProcess-2061657 JobStatusPoller-Timer-Thread-140121595451712-140121593743040 parsl.jobs.strategy:220 _general_strategy DEBUG: [Scaling executor HighThroughputExecutor] Executor 2 active tasks, 2 active slots, and 1/0 running/pending blocks
1775028272.542802 2026-04-01 02:24:32 MainProcess-2061657 JobStatusPoller-Timer-Thread-140121595451712-140121593743040 parsl.jobs.strategy:312 _general_strategy DEBUG: [Scaling executor HighThroughputExecutor] Strategy case 3: no changes necessary to current block load
1775028272.542830 2026-04-01 02:24:32 MainProcess-2061657 JobStatusPoller-Timer-Thread-140121595451712-140121593743040 parsl.process_loggers:27 wrapped DEBUG: Normal ending for _general_strategy on thread JobStatusPoller-Timer-Thread-140121595451712
1775028276.916626 2026-04-01 02:24:36 MainProcess-2061657 MainThread-140124304049984 parsl.dataflow.dflow:1090 atexit_cleanup WARNING: Python is exiting with a DFK still running. You should call parsl.dfk().cleanup() before exiting to release any resources
