1775027462.286556 2026-04-01 02:11:02 MainProcess-2060603 MainThread-124164260939584 parsl.dataflow.dflow:99 __init__ INFO: Starting DataFlowKernel with config
Config(
    dependency_resolver=None, 
    executors=(HighThroughputExecutor(
        address=None, 
        address_probe_timeout=None, 
        available_accelerators=[], 
        block_error_handler=<function simple_error_handler at 0x70ec9f4656c0>, 
        cores_per_worker=1.0, 
        cpu_affinity='none', 
        drain_period=None, 
        encrypted=True, 
        heartbeat_period=30, 
        heartbeat_threshold=120, 
        interchange_launch_cmd=['interchange.py'], 
        interchange_port_range=(55000, 56000), 
        label='HighThroughputExecutor', 
        launch_cmd='process_worker_pool.py {debug} {max_workers_per_node} -a {addresses} -p {prefetch_capacity} -c {cores_per_worker} -m {mem_per_worker} --poll {poll_period} --port={worker_port} --cert_dir {cert_dir} --logdir={logdir} --block_id={{block_id}} --hb_period={heartbeat_period} {address_probe_timeout_string} --hb_threshold={heartbeat_threshold} --drain_period={drain_period} --cpu-affinity {cpu_affinity} {enable_mpi_mode} --mpi-launcher={mpi_launcher} --available-accelerators {accelerators}', 
        loopback_address='127.0.0.1', 
        manager_selector=<parsl.executors.high_throughput.manager_selector.RandomManagerSelector object at 0x70ec9f5ad7f0>, 
        max_workers_per_node=2, 
        mem_per_worker=None, 
        poll_period=10, 
        prefetch_capacity=0, 
        provider=LocalProvider(
            cmd_timeout=30, 
            init_blocks=1, 
            launcher=SingleNodeLauncher(debug=True, fail_on_any=False), 
            max_blocks=1, 
            min_blocks=0, 
            nodes_per_block=1, 
            parallelism=1, 
            worker_init='cd /home/agueroudji/Work/mofa/academy/examples/07-mol-designconda activate ./mol-design;'
        ), 
        remote_monitoring_radio=HTEXRadio(), 
        storage_access=None, 
        worker_debug=False, 
        worker_logdir_root=None, 
        worker_port=None, 
        worker_port_range=(54000, 55000), 
        working_dir=None
    ),), 
    exit_mode='cleanup', 
    garbage_collect=True, 
    initialize_logging=True, 
    internal_tasks_max_threads=10, 
    max_idletime=120.0, 
    memoizer=None, 
    monitoring=None, 
    project_name=None, 
    retries=0, 
    retry_handler=None, 
    run_dir='runinfo', 
    std_autopath=None, 
    strategy='simple', 
    strategy_period=5, 
    usage_tracking=0
)
1775027462.286817 2026-04-01 02:11:02 MainProcess-2060603 MainThread-124164260939584 parsl.dataflow.dflow:101 __init__ INFO: Parsl version: 2026.03.23
1775027462.286952 2026-04-01 02:11:02 MainProcess-2060603 MainThread-124164260939584 parsl.usage_tracking.usage:119 __init__ DEBUG: Tracking level: 0
1775027462.287044 2026-04-01 02:11:02 MainProcess-2060603 MainThread-124164260939584 parsl.dataflow.dflow:124 __init__ INFO: Run id is: ef044e16-dd00-4957-80ac-f851f2848f2a
1775027462.348476 2026-04-01 02:11:02 MainProcess-2060603 MainThread-124164260939584 parsl.dataflow.dflow:131 __init__ DEBUG: Considering candidate for workflow name: /home/agueroudji/miniconda3/envs/07/lib/python3.13/site-packages/parsl/dataflow/dflow.py
1775027462.348551 2026-04-01 02:11:02 MainProcess-2060603 MainThread-124164260939584 parsl.dataflow.dflow:131 __init__ DEBUG: Considering candidate for workflow name: /home/agueroudji/miniconda3/envs/07/lib/python3.13/site-packages/parsl/dataflow/dflow.py
1775027462.348573 2026-04-01 02:11:02 MainProcess-2060603 MainThread-124164260939584 parsl.dataflow.dflow:131 __init__ DEBUG: Considering candidate for workflow name: /home/agueroudji/miniconda3/envs/07/lib/python3.13/site-packages/parsl/concurrent/__init__.py
1775027462.348589 2026-04-01 02:11:02 MainProcess-2060603 MainThread-124164260939584 parsl.dataflow.dflow:131 __init__ DEBUG: Considering candidate for workflow name: /home/agueroudji/Work/mofa/academy/examples/07-mol-design/run-07.py
1775027462.348607 2026-04-01 02:11:02 MainProcess-2060603 MainThread-124164260939584 parsl.dataflow.dflow:137 __init__ DEBUG: Using run-07.py as workflow name
1775027462.348757 2026-04-01 02:11:02 MainProcess-2060603 MainThread-124164260939584 parsl.dataflow.memoization:335 start INFO: App caching initialized
1775027462.348814 2026-04-01 02:11:02 MainProcess-2060603 MainThread-124164260939584 parsl.jobs.strategy:145 __init__ DEBUG: Scaling strategy: simple
1775027462.349131 2026-04-01 02:11:02 MainProcess-2060603 JobStatusPoller-Timer-Thread-124161552210576-124161550726848 parsl.jobs.strategy:184 _general_strategy DEBUG: general strategy starting with strategy_type simple for 0 executors
1775027462.349227 2026-04-01 02:11:02 MainProcess-2060603 JobStatusPoller-Timer-Thread-124161552210576-124161550726848 parsl.process_loggers:27 wrapped DEBUG: Normal ending for _general_strategy on thread JobStatusPoller-Timer-Thread-124161552210576
1775027462.349702 2026-04-01 02:11:02 MainProcess-2060603 MainThread-124164260939584 parsl.executors.high_throughput.executor:440 start DEBUG: Creating CurveZMQ certificates
1775027462.353419 2026-04-01 02:11:02 MainProcess-2060603 MainThread-124164260939584 parsl.executors.high_throughput.executor:616 _start_result_queue_thread DEBUG: Starting result queue thread
1775027462.353722 2026-04-01 02:11:02 MainProcess-2060603 HTEX-Result-Queue-Thread-124161422763712 parsl.executors.high_throughput.executor:493 _result_queue_worker DEBUG: Result queue worker starting
1775027462.353813 2026-04-01 02:11:02 MainProcess-2060603 MainThread-124164260939584 parsl.executors.high_throughput.executor:620 _start_result_queue_thread DEBUG: Started result queue thread: <Thread(HTEX-Result-Queue-Thread, started daemon 124161422763712)>
1775027462.359933 2026-04-01 02:11:02 MainProcess-2060603 MainThread-124164260939584 parsl.executors.high_throughput.executor:592 _start_local_interchange_process DEBUG: Popened interchange process. Writing config object
1775027462.360020 2026-04-01 02:11:02 MainProcess-2060603 MainThread-124164260939584 parsl.executors.high_throughput.executor:596 _start_local_interchange_process DEBUG: Sent config object. Requesting worker ports
1775027462.360078 2026-04-01 02:11:02 MainProcess-2060603 MainThread-124164260939584 parsl.executors.high_throughput.zmq_pipes:77 run DEBUG: Sending command client command
1775027462.750939 2026-04-01 02:11:02 MainProcess-2060603 MainThread-124164260939584 parsl.executors.high_throughput.zmq_pipes:92 run DEBUG: Polling for command client response or timeout
1775027462.751331 2026-04-01 02:11:02 MainProcess-2060603 MainThread-124164260939584 parsl.executors.high_throughput.zmq_pipes:104 run DEBUG: Receiving command client response
1775027462.751418 2026-04-01 02:11:02 MainProcess-2060603 MainThread-124164260939584 parsl.executors.high_throughput.zmq_pipes:106 run DEBUG: Received command client response
1775027462.751470 2026-04-01 02:11:02 MainProcess-2060603 MainThread-124164260939584 parsl.executors.high_throughput.executor:602 _start_local_interchange_process DEBUG: Interchange process started (<Popen: returncode: None args: ['interchange.py']>).  Worker port: 54843
1775027462.751560 2026-04-01 02:11:02 MainProcess-2060603 MainThread-124164260939584 parsl.executors.high_throughput.executor:431 initialize_scaling DEBUG: Launch command: process_worker_pool.py  --max_workers_per_node=2 -a 127.0.0.1,130.202.232.189,172.18.0.1,172.16.10.1,172.17.0.1,192.168.1.65,172.19.0.1 -p 0 -c 1.0 -m None --poll 10 --port=54843 --cert_dir /home/agueroudji/Work/mofa/academy/examples/07-mol-design/runinfo/019/HighThroughputExecutor/certificates --logdir=/home/agueroudji/Work/mofa/academy/examples/07-mol-design/runinfo/019/HighThroughputExecutor --block_id={block_id} --hb_period=30  --hb_threshold=120 --drain_period=None --cpu-affinity none  --mpi-launcher=mpiexec --available-accelerators 
1775027462.751601 2026-04-01 02:11:02 MainProcess-2060603 MainThread-124164260939584 parsl.executors.high_throughput.executor:433 initialize_scaling DEBUG: Starting HighThroughputExecutor with provider:
LocalProvider(
    cmd_timeout=30, 
    init_blocks=1, 
    launcher=SingleNodeLauncher(debug=True, fail_on_any=False), 
    max_blocks=1, 
    min_blocks=0, 
    nodes_per_block=1, 
    parallelism=1, 
    worker_init='cd /home/agueroudji/Work/mofa/academy/examples/07-mol-designconda activate ./mol-design;'
)
1775027462.752188 2026-04-01 02:11:02 MainProcess-2060603 MainThread-124164260939584 parsl.jobs.job_status_poller:30 add_executors DEBUG: Adding executor HighThroughputExecutor
1775027462.758677 2026-04-01 02:11:02 MainProcess-2060603 MainThread-124164260939584 parsl.dataflow.dflow:942 submit DEBUG: Task 0 will be sent to executor HighThroughputExecutor
1775027462.758836 2026-04-01 02:11:02 MainProcess-2060603 MainThread-124164260939584 parsl.dataflow.dflow:750 _add_output_deps DEBUG: Adding output dependencies
1775027462.758904 2026-04-01 02:11:02 MainProcess-2060603 MainThread-124164260939584 parsl.dataflow.dflow:991 submit DEBUG: Added output dependencies
1775027462.758952 2026-04-01 02:11:02 MainProcess-2060603 MainThread-124164260939584 parsl.dataflow.dflow:1000 submit DEBUG: Gathering dependencies
1775027462.759058 2026-04-01 02:11:02 MainProcess-2060603 MainThread-124164260939584 parsl.dataflow.dflow:1003 submit DEBUG: Gathered dependencies
1775027462.759115 2026-04-01 02:11:02 MainProcess-2060603 MainThread-124164260939584 parsl.dataflow.dflow:1015 submit INFO: Task 0 submitted for App _run_agent_on_worker, not waiting on any dependency
1775027462.759234 2026-04-01 02:11:02 MainProcess-2060603 MainThread-124164260939584 parsl.dataflow.dflow:1019 submit DEBUG: Task 0 set to pending state with AppFuture: <AppFuture at 0x70ec9d254050 state=pending>
1775027462.759677 2026-04-01 02:11:02 MainProcess-2060603 Task-Launch_0-124161062074048 parsl.dataflow.memoization:379 check_memo DEBUG: Task 0 will not be memoized
1775027462.760047 2026-04-01 02:11:02 MainProcess-2060603 Task-Launch_0-124161062074048 parsl.executors.high_throughput.executor:703 submit DEBUG: Pushing function <function _run_agent_on_worker at 0x70ec9d3cbce0> to queue with args ("_RunSpec(agent=<class 'mol_design_agents.XTBSimulationAgent'>, config=RuntimeConfig(cancel_actions_o...",)
1775027462.761957 2026-04-01 02:11:02 MainProcess-2060603 Task-Launch_0-124161062074048 parsl.executors.high_throughput.zmq_pipes:148 put DEBUG: Sending TasksOutgoing message
1775027462.762115 2026-04-01 02:11:02 MainProcess-2060603 Task-Launch_0-124161062074048 parsl.executors.high_throughput.zmq_pipes:150 put DEBUG: Sent TasksOutgoing message
1775027462.762325 2026-04-01 02:11:02 MainProcess-2060603 Task-Launch_0-124161062074048 parsl.dataflow.dflow:703 launch_task INFO: Parsl task 0 try 0 launched on executor HighThroughputExecutor with executor id 1
1775027462.762405 2026-04-01 02:11:02 MainProcess-2060603 Task-Launch_0-124161062074048 parsl.dataflow.dflow:1199 log_std_stream INFO: Standard out for task 0 will not be redirected.
1775027462.762491 2026-04-01 02:11:02 MainProcess-2060603 Task-Launch_0-124161062074048 parsl.dataflow.dflow:1199 log_std_stream INFO: Standard error for task 0 will not be redirected.
1775027462.762525 2026-04-01 02:11:02 MainProcess-2060603 Task-Launch_0-124161062074048 parsl.process_loggers:27 wrapped DEBUG: Normal ending for _launch_if_ready_async on thread Task-Launch_0
1775027462.763326 2026-04-01 02:11:02 MainProcess-2060603 MainThread-124164260939584 parsl.dataflow.dflow:942 submit DEBUG: Task 1 will be sent to executor HighThroughputExecutor
1775027462.763425 2026-04-01 02:11:02 MainProcess-2060603 MainThread-124164260939584 parsl.dataflow.dflow:750 _add_output_deps DEBUG: Adding output dependencies
1775027462.763474 2026-04-01 02:11:02 MainProcess-2060603 MainThread-124164260939584 parsl.dataflow.dflow:991 submit DEBUG: Added output dependencies
1775027462.763512 2026-04-01 02:11:02 MainProcess-2060603 MainThread-124164260939584 parsl.dataflow.dflow:1000 submit DEBUG: Gathering dependencies
1775027462.763556 2026-04-01 02:11:02 MainProcess-2060603 MainThread-124164260939584 parsl.dataflow.dflow:1003 submit DEBUG: Gathered dependencies
1775027462.763593 2026-04-01 02:11:02 MainProcess-2060603 MainThread-124164260939584 parsl.dataflow.dflow:1015 submit INFO: Task 1 submitted for App _run_agent_on_worker, not waiting on any dependency
1775027462.763676 2026-04-01 02:11:02 MainProcess-2060603 MainThread-124164260939584 parsl.dataflow.dflow:1019 submit DEBUG: Task 1 set to pending state with AppFuture: <AppFuture at 0x70ec9d373610 state=pending>
1775027462.763950 2026-04-01 02:11:02 MainProcess-2060603 Task-Launch_0-124161062074048 parsl.dataflow.memoization:379 check_memo DEBUG: Task 1 will not be memoized
1775027462.764112 2026-04-01 02:11:02 MainProcess-2060603 Task-Launch_0-124161062074048 parsl.executors.high_throughput.executor:703 submit DEBUG: Pushing function <function _run_agent_on_worker at 0x70ec9d3cbce0> to queue with args ("_RunSpec(agent=<class 'mol_design_agents.XTBSimulationAgent'>, config=RuntimeConfig(cancel_actions_o...",)
1775027462.764616 2026-04-01 02:11:02 MainProcess-2060603 Task-Launch_0-124161062074048 parsl.executors.high_throughput.zmq_pipes:148 put DEBUG: Sending TasksOutgoing message
1775027462.764719 2026-04-01 02:11:02 MainProcess-2060603 Task-Launch_0-124161062074048 parsl.executors.high_throughput.zmq_pipes:150 put DEBUG: Sent TasksOutgoing message
1775027462.764775 2026-04-01 02:11:02 MainProcess-2060603 Task-Launch_0-124161062074048 parsl.dataflow.dflow:703 launch_task INFO: Parsl task 1 try 0 launched on executor HighThroughputExecutor with executor id 2
1775027462.764827 2026-04-01 02:11:02 MainProcess-2060603 Task-Launch_0-124161062074048 parsl.dataflow.dflow:1199 log_std_stream INFO: Standard out for task 1 will not be redirected.
1775027462.764855 2026-04-01 02:11:02 MainProcess-2060603 Task-Launch_0-124161062074048 parsl.dataflow.dflow:1199 log_std_stream INFO: Standard error for task 1 will not be redirected.
1775027462.764886 2026-04-01 02:11:02 MainProcess-2060603 Task-Launch_0-124161062074048 parsl.process_loggers:27 wrapped DEBUG: Normal ending for _launch_if_ready_async on thread Task-Launch_0
1775027467.349905 2026-04-01 02:11:07 MainProcess-2060603 JobStatusPoller-Timer-Thread-124161552210576-124161550726848 parsl.executors.high_throughput.zmq_pipes:77 run DEBUG: Sending command client command
1775027467.350580 2026-04-01 02:11:07 MainProcess-2060603 JobStatusPoller-Timer-Thread-124161552210576-124161550726848 parsl.executors.high_throughput.zmq_pipes:104 run DEBUG: Receiving command client response
1775027467.352494 2026-04-01 02:11:07 MainProcess-2060603 JobStatusPoller-Timer-Thread-124161552210576-124161550726848 parsl.executors.high_throughput.zmq_pipes:106 run DEBUG: Received command client response
1775027467.352881 2026-04-01 02:11:07 MainProcess-2060603 JobStatusPoller-Timer-Thread-124161552210576-124161550726848 parsl.jobs.strategy:184 _general_strategy DEBUG: general strategy starting with strategy_type simple for 1 executors
1775027467.353005 2026-04-01 02:11:07 MainProcess-2060603 JobStatusPoller-Timer-Thread-124161552210576-124161550726848 parsl.jobs.strategy:194 _general_strategy DEBUG: [Scaling executor HighThroughputExecutor] Strategizing for executor
1775027467.353749 2026-04-01 02:11:07 MainProcess-2060603 JobStatusPoller-Timer-Thread-124161552210576-124161550726848 parsl.jobs.strategy:197 _general_strategy DEBUG: [Scaling executor HighThroughputExecutor] Scaling out 1 initial blocks
1775027467.353864 2026-04-01 02:11:07 MainProcess-2060603 JobStatusPoller-Timer-Thread-124161552210576-124161550726848 parsl.executors.status_handling:207 scale_out_facade INFO: [Scaling executor HighThroughputExecutor] Scaling out by 1 blocks
1775027467.354053 2026-04-01 02:11:07 MainProcess-2060603 JobStatusPoller-Timer-Thread-124161552210576-124161550726848 parsl.executors.status_handling:210 scale_out_facade INFO: [Scaling executor HighThroughputExecutor] Allocated block ID 0
1775027467.354219 2026-04-01 02:11:07 MainProcess-2060603 JobStatusPoller-Timer-Thread-124161552210576-124161550726848 parsl.executors.status_handling:265 _launch_block DEBUG: [Scaling executor HighThroughputExecutor] Submitting to provider with job_name parsl.HighThroughputExecutor.block-0
1775027467.354711 2026-04-01 02:11:07 MainProcess-2060603 JobStatusPoller-Timer-Thread-124161552210576-124161550726848 parsl.providers.local.local:208 submit DEBUG: Launching
1775027467.354827 2026-04-01 02:11:07 MainProcess-2060603 JobStatusPoller-Timer-Thread-124161552210576-124161550726848 parsl.utils:498 execute_wait DEBUG: Creating process with command '/bin/bash -c 'echo - >/home/agueroudji/Work/mofa/academy/examples/07-mol-design/runinfo/019/submit_scripts/parsl.HighThroughputExecutor.block-0.1775027467.3543222.sh.ec && { { bash /home/agueroudji/Work/mofa/academy/examples/07-mol-design/runinfo/019/submit_scripts/parsl.HighThroughputExecutor.block-0.1775027467.3543222.sh 1>/home/agueroudji/Work/mofa/academy/examples/07-mol-design/runinfo/019/submit_scripts/parsl.HighThroughputExecutor.block-0.1775027467.3543222.sh.out 2>/home/agueroudji/Work/mofa/academy/examples/07-mol-design/runinfo/019/submit_scripts/parsl.HighThroughputExecutor.block-0.1775027467.3543222.sh.err ; echo $? > /home/agueroudji/Work/mofa/academy/examples/07-mol-design/runinfo/019/submit_scripts/parsl.HighThroughputExecutor.block-0.1775027467.3543222.sh.ec ; } >/dev/null 2>&1 & echo "PID:$!" ; }''
1775027467.374519 2026-04-01 02:11:07 MainProcess-2060603 JobStatusPoller-Timer-Thread-124161552210576-124161550726848 parsl.utils:506 execute_wait DEBUG: Created process with pid 2060640. Performing communicate
1775027467.378843 2026-04-01 02:11:07 MainProcess-2060603 JobStatusPoller-Timer-Thread-124161552210576-124161550726848 parsl.utils:509 execute_wait DEBUG: Process 2060640 returned 0
1775027467.379046 2026-04-01 02:11:07 MainProcess-2060603 JobStatusPoller-Timer-Thread-124161552210576-124161550726848 parsl.utils:515 execute_wait DEBUG: Execution of command in process 2060640 completed normally
1775027467.379266 2026-04-01 02:11:07 MainProcess-2060603 JobStatusPoller-Timer-Thread-124161552210576-124161550726848 parsl.executors.status_handling:268 _launch_block DEBUG: [Scaling executor HighThroughputExecutor] Launched block 0 with job ID 2060642
1775027467.379429 2026-04-01 02:11:07 MainProcess-2060603 JobStatusPoller-Timer-Thread-124161552210576-124161550726848 parsl.jobs.strategy:220 _general_strategy DEBUG: [Scaling executor HighThroughputExecutor] Executor 2 active tasks, 2 active slots, and 0/1 running/pending blocks
1775027467.379524 2026-04-01 02:11:07 MainProcess-2060603 JobStatusPoller-Timer-Thread-124161552210576-124161550726848 parsl.jobs.strategy:312 _general_strategy DEBUG: [Scaling executor HighThroughputExecutor] Strategy case 3: no changes necessary to current block load
1775027467.379606 2026-04-01 02:11:07 MainProcess-2060603 JobStatusPoller-Timer-Thread-124161552210576-124161550726848 parsl.process_loggers:27 wrapped DEBUG: Normal ending for _general_strategy on thread JobStatusPoller-Timer-Thread-124161552210576
1775027472.380070 2026-04-01 02:11:12 MainProcess-2060603 JobStatusPoller-Timer-Thread-124161552210576-124161550726848 parsl.executors.high_throughput.zmq_pipes:77 run DEBUG: Sending command client command
1775027472.380250 2026-04-01 02:11:12 MainProcess-2060603 JobStatusPoller-Timer-Thread-124161552210576-124161550726848 parsl.executors.high_throughput.zmq_pipes:104 run DEBUG: Receiving command client response
1775027472.381196 2026-04-01 02:11:12 MainProcess-2060603 JobStatusPoller-Timer-Thread-124161552210576-124161550726848 parsl.executors.high_throughput.zmq_pipes:106 run DEBUG: Received command client response
1775027472.381355 2026-04-01 02:11:12 MainProcess-2060603 JobStatusPoller-Timer-Thread-124161552210576-124161550726848 parsl.jobs.strategy:184 _general_strategy DEBUG: general strategy starting with strategy_type simple for 1 executors
1775027472.381409 2026-04-01 02:11:12 MainProcess-2060603 JobStatusPoller-Timer-Thread-124161552210576-124161550726848 parsl.jobs.strategy:194 _general_strategy DEBUG: [Scaling executor HighThroughputExecutor] Strategizing for executor
1775027472.381466 2026-04-01 02:11:12 MainProcess-2060603 JobStatusPoller-Timer-Thread-124161552210576-124161550726848 parsl.jobs.strategy:220 _general_strategy DEBUG: [Scaling executor HighThroughputExecutor] Executor 2 active tasks, 2 active slots, and 1/0 running/pending blocks
1775027472.381525 2026-04-01 02:11:12 MainProcess-2060603 JobStatusPoller-Timer-Thread-124161552210576-124161550726848 parsl.jobs.strategy:312 _general_strategy DEBUG: [Scaling executor HighThroughputExecutor] Strategy case 3: no changes necessary to current block load
1775027472.381566 2026-04-01 02:11:12 MainProcess-2060603 JobStatusPoller-Timer-Thread-124161552210576-124161550726848 parsl.process_loggers:27 wrapped DEBUG: Normal ending for _general_strategy on thread JobStatusPoller-Timer-Thread-124161552210576
1775027477.382290 2026-04-01 02:11:17 MainProcess-2060603 JobStatusPoller-Timer-Thread-124161552210576-124161550726848 parsl.executors.high_throughput.zmq_pipes:77 run DEBUG: Sending command client command
1775027477.382696 2026-04-01 02:11:17 MainProcess-2060603 JobStatusPoller-Timer-Thread-124161552210576-124161550726848 parsl.executors.high_throughput.zmq_pipes:104 run DEBUG: Receiving command client response
1775027477.384432 2026-04-01 02:11:17 MainProcess-2060603 JobStatusPoller-Timer-Thread-124161552210576-124161550726848 parsl.executors.high_throughput.zmq_pipes:106 run DEBUG: Received command client response
1775027477.384771 2026-04-01 02:11:17 MainProcess-2060603 JobStatusPoller-Timer-Thread-124161552210576-124161550726848 parsl.jobs.strategy:184 _general_strategy DEBUG: general strategy starting with strategy_type simple for 1 executors
1775027477.384879 2026-04-01 02:11:17 MainProcess-2060603 JobStatusPoller-Timer-Thread-124161552210576-124161550726848 parsl.jobs.strategy:194 _general_strategy DEBUG: [Scaling executor HighThroughputExecutor] Strategizing for executor
1775027477.384996 2026-04-01 02:11:17 MainProcess-2060603 JobStatusPoller-Timer-Thread-124161552210576-124161550726848 parsl.jobs.strategy:220 _general_strategy DEBUG: [Scaling executor HighThroughputExecutor] Executor 2 active tasks, 2 active slots, and 1/0 running/pending blocks
1775027477.385098 2026-04-01 02:11:17 MainProcess-2060603 JobStatusPoller-Timer-Thread-124161552210576-124161550726848 parsl.jobs.strategy:312 _general_strategy DEBUG: [Scaling executor HighThroughputExecutor] Strategy case 3: no changes necessary to current block load
1775027477.385215 2026-04-01 02:11:17 MainProcess-2060603 JobStatusPoller-Timer-Thread-124161552210576-124161550726848 parsl.process_loggers:27 wrapped DEBUG: Normal ending for _general_strategy on thread JobStatusPoller-Timer-Thread-124161552210576
1775027482.386105 2026-04-01 02:11:22 MainProcess-2060603 JobStatusPoller-Timer-Thread-124161552210576-124161550726848 parsl.executors.high_throughput.zmq_pipes:77 run DEBUG: Sending command client command
1775027482.386548 2026-04-01 02:11:22 MainProcess-2060603 JobStatusPoller-Timer-Thread-124161552210576-124161550726848 parsl.executors.high_throughput.zmq_pipes:104 run DEBUG: Receiving command client response
1775027482.388316 2026-04-01 02:11:22 MainProcess-2060603 JobStatusPoller-Timer-Thread-124161552210576-124161550726848 parsl.executors.high_throughput.zmq_pipes:106 run DEBUG: Received command client response
1775027482.388690 2026-04-01 02:11:22 MainProcess-2060603 JobStatusPoller-Timer-Thread-124161552210576-124161550726848 parsl.jobs.strategy:184 _general_strategy DEBUG: general strategy starting with strategy_type simple for 1 executors
1775027482.388808 2026-04-01 02:11:22 MainProcess-2060603 JobStatusPoller-Timer-Thread-124161552210576-124161550726848 parsl.jobs.strategy:194 _general_strategy DEBUG: [Scaling executor HighThroughputExecutor] Strategizing for executor
1775027482.388936 2026-04-01 02:11:22 MainProcess-2060603 JobStatusPoller-Timer-Thread-124161552210576-124161550726848 parsl.jobs.strategy:220 _general_strategy DEBUG: [Scaling executor HighThroughputExecutor] Executor 2 active tasks, 2 active slots, and 1/0 running/pending blocks
1775027482.389049 2026-04-01 02:11:22 MainProcess-2060603 JobStatusPoller-Timer-Thread-124161552210576-124161550726848 parsl.jobs.strategy:312 _general_strategy DEBUG: [Scaling executor HighThroughputExecutor] Strategy case 3: no changes necessary to current block load
1775027482.389197 2026-04-01 02:11:22 MainProcess-2060603 JobStatusPoller-Timer-Thread-124161552210576-124161550726848 parsl.process_loggers:27 wrapped DEBUG: Normal ending for _general_strategy on thread JobStatusPoller-Timer-Thread-124161552210576
1775027487.390085 2026-04-01 02:11:27 MainProcess-2060603 JobStatusPoller-Timer-Thread-124161552210576-124161550726848 parsl.executors.high_throughput.zmq_pipes:77 run DEBUG: Sending command client command
1775027487.390536 2026-04-01 02:11:27 MainProcess-2060603 JobStatusPoller-Timer-Thread-124161552210576-124161550726848 parsl.executors.high_throughput.zmq_pipes:104 run DEBUG: Receiving command client response
1775027487.392524 2026-04-01 02:11:27 MainProcess-2060603 JobStatusPoller-Timer-Thread-124161552210576-124161550726848 parsl.executors.high_throughput.zmq_pipes:106 run DEBUG: Received command client response
1775027487.392904 2026-04-01 02:11:27 MainProcess-2060603 JobStatusPoller-Timer-Thread-124161552210576-124161550726848 parsl.jobs.strategy:184 _general_strategy DEBUG: general strategy starting with strategy_type simple for 1 executors
1775027487.393022 2026-04-01 02:11:27 MainProcess-2060603 JobStatusPoller-Timer-Thread-124161552210576-124161550726848 parsl.jobs.strategy:194 _general_strategy DEBUG: [Scaling executor HighThroughputExecutor] Strategizing for executor
1775027487.393177 2026-04-01 02:11:27 MainProcess-2060603 JobStatusPoller-Timer-Thread-124161552210576-124161550726848 parsl.jobs.strategy:220 _general_strategy DEBUG: [Scaling executor HighThroughputExecutor] Executor 2 active tasks, 2 active slots, and 1/0 running/pending blocks
1775027487.393289 2026-04-01 02:11:27 MainProcess-2060603 JobStatusPoller-Timer-Thread-124161552210576-124161550726848 parsl.jobs.strategy:312 _general_strategy DEBUG: [Scaling executor HighThroughputExecutor] Strategy case 3: no changes necessary to current block load
1775027487.393380 2026-04-01 02:11:27 MainProcess-2060603 JobStatusPoller-Timer-Thread-124161552210576-124161550726848 parsl.process_loggers:27 wrapped DEBUG: Normal ending for _general_strategy on thread JobStatusPoller-Timer-Thread-124161552210576
1775027492.394178 2026-04-01 02:11:32 MainProcess-2060603 JobStatusPoller-Timer-Thread-124161552210576-124161550726848 parsl.executors.high_throughput.zmq_pipes:77 run DEBUG: Sending command client command
1775027492.394552 2026-04-01 02:11:32 MainProcess-2060603 JobStatusPoller-Timer-Thread-124161552210576-124161550726848 parsl.executors.high_throughput.zmq_pipes:104 run DEBUG: Receiving command client response
1775027492.396333 2026-04-01 02:11:32 MainProcess-2060603 JobStatusPoller-Timer-Thread-124161552210576-124161550726848 parsl.executors.high_throughput.zmq_pipes:106 run DEBUG: Received command client response
1775027492.396663 2026-04-01 02:11:32 MainProcess-2060603 JobStatusPoller-Timer-Thread-124161552210576-124161550726848 parsl.jobs.strategy:184 _general_strategy DEBUG: general strategy starting with strategy_type simple for 1 executors
1775027492.396768 2026-04-01 02:11:32 MainProcess-2060603 JobStatusPoller-Timer-Thread-124161552210576-124161550726848 parsl.jobs.strategy:194 _general_strategy DEBUG: [Scaling executor HighThroughputExecutor] Strategizing for executor
1775027492.396884 2026-04-01 02:11:32 MainProcess-2060603 JobStatusPoller-Timer-Thread-124161552210576-124161550726848 parsl.jobs.strategy:220 _general_strategy DEBUG: [Scaling executor HighThroughputExecutor] Executor 2 active tasks, 2 active slots, and 1/0 running/pending blocks
1775027492.396987 2026-04-01 02:11:32 MainProcess-2060603 JobStatusPoller-Timer-Thread-124161552210576-124161550726848 parsl.jobs.strategy:312 _general_strategy DEBUG: [Scaling executor HighThroughputExecutor] Strategy case 3: no changes necessary to current block load
1775027492.397076 2026-04-01 02:11:32 MainProcess-2060603 JobStatusPoller-Timer-Thread-124161552210576-124161550726848 parsl.process_loggers:27 wrapped DEBUG: Normal ending for _general_strategy on thread JobStatusPoller-Timer-Thread-124161552210576
1775027497.398058 2026-04-01 02:11:37 MainProcess-2060603 JobStatusPoller-Timer-Thread-124161552210576-124161550726848 parsl.executors.high_throughput.zmq_pipes:77 run DEBUG: Sending command client command
1775027497.398554 2026-04-01 02:11:37 MainProcess-2060603 JobStatusPoller-Timer-Thread-124161552210576-124161550726848 parsl.executors.high_throughput.zmq_pipes:104 run DEBUG: Receiving command client response
1775027497.400468 2026-04-01 02:11:37 MainProcess-2060603 JobStatusPoller-Timer-Thread-124161552210576-124161550726848 parsl.executors.high_throughput.zmq_pipes:106 run DEBUG: Received command client response
1775027497.400827 2026-04-01 02:11:37 MainProcess-2060603 JobStatusPoller-Timer-Thread-124161552210576-124161550726848 parsl.jobs.strategy:184 _general_strategy DEBUG: general strategy starting with strategy_type simple for 1 executors
1775027497.400948 2026-04-01 02:11:37 MainProcess-2060603 JobStatusPoller-Timer-Thread-124161552210576-124161550726848 parsl.jobs.strategy:194 _general_strategy DEBUG: [Scaling executor HighThroughputExecutor] Strategizing for executor
1775027497.401074 2026-04-01 02:11:37 MainProcess-2060603 JobStatusPoller-Timer-Thread-124161552210576-124161550726848 parsl.jobs.strategy:220 _general_strategy DEBUG: [Scaling executor HighThroughputExecutor] Executor 2 active tasks, 2 active slots, and 1/0 running/pending blocks
1775027497.401198 2026-04-01 02:11:37 MainProcess-2060603 JobStatusPoller-Timer-Thread-124161552210576-124161550726848 parsl.jobs.strategy:312 _general_strategy DEBUG: [Scaling executor HighThroughputExecutor] Strategy case 3: no changes necessary to current block load
1775027497.401291 2026-04-01 02:11:37 MainProcess-2060603 JobStatusPoller-Timer-Thread-124161552210576-124161550726848 parsl.process_loggers:27 wrapped DEBUG: Normal ending for _general_strategy on thread JobStatusPoller-Timer-Thread-124161552210576
1775027502.402237 2026-04-01 02:11:42 MainProcess-2060603 JobStatusPoller-Timer-Thread-124161552210576-124161550726848 parsl.executors.high_throughput.zmq_pipes:77 run DEBUG: Sending command client command
1775027502.402892 2026-04-01 02:11:42 MainProcess-2060603 JobStatusPoller-Timer-Thread-124161552210576-124161550726848 parsl.executors.high_throughput.zmq_pipes:104 run DEBUG: Receiving command client response
1775027502.404729 2026-04-01 02:11:42 MainProcess-2060603 JobStatusPoller-Timer-Thread-124161552210576-124161550726848 parsl.executors.high_throughput.zmq_pipes:106 run DEBUG: Received command client response
1775027502.405018 2026-04-01 02:11:42 MainProcess-2060603 JobStatusPoller-Timer-Thread-124161552210576-124161550726848 parsl.jobs.strategy:184 _general_strategy DEBUG: general strategy starting with strategy_type simple for 1 executors
1775027502.405115 2026-04-01 02:11:42 MainProcess-2060603 JobStatusPoller-Timer-Thread-124161552210576-124161550726848 parsl.jobs.strategy:194 _general_strategy DEBUG: [Scaling executor HighThroughputExecutor] Strategizing for executor
1775027502.405230 2026-04-01 02:11:42 MainProcess-2060603 JobStatusPoller-Timer-Thread-124161552210576-124161550726848 parsl.jobs.strategy:220 _general_strategy DEBUG: [Scaling executor HighThroughputExecutor] Executor 2 active tasks, 2 active slots, and 1/0 running/pending blocks
1775027502.405307 2026-04-01 02:11:42 MainProcess-2060603 JobStatusPoller-Timer-Thread-124161552210576-124161550726848 parsl.jobs.strategy:312 _general_strategy DEBUG: [Scaling executor HighThroughputExecutor] Strategy case 3: no changes necessary to current block load
1775027502.405365 2026-04-01 02:11:42 MainProcess-2060603 JobStatusPoller-Timer-Thread-124161552210576-124161550726848 parsl.process_loggers:27 wrapped DEBUG: Normal ending for _general_strategy on thread JobStatusPoller-Timer-Thread-124161552210576
1775027507.405886 2026-04-01 02:11:47 MainProcess-2060603 JobStatusPoller-Timer-Thread-124161552210576-124161550726848 parsl.executors.high_throughput.zmq_pipes:77 run DEBUG: Sending command client command
1775027507.406194 2026-04-01 02:11:47 MainProcess-2060603 JobStatusPoller-Timer-Thread-124161552210576-124161550726848 parsl.executors.high_throughput.zmq_pipes:104 run DEBUG: Receiving command client response
1775027507.407969 2026-04-01 02:11:47 MainProcess-2060603 JobStatusPoller-Timer-Thread-124161552210576-124161550726848 parsl.executors.high_throughput.zmq_pipes:106 run DEBUG: Received command client response
1775027507.408217 2026-04-01 02:11:47 MainProcess-2060603 JobStatusPoller-Timer-Thread-124161552210576-124161550726848 parsl.jobs.strategy:184 _general_strategy DEBUG: general strategy starting with strategy_type simple for 1 executors
1775027507.408293 2026-04-01 02:11:47 MainProcess-2060603 JobStatusPoller-Timer-Thread-124161552210576-124161550726848 parsl.jobs.strategy:194 _general_strategy DEBUG: [Scaling executor HighThroughputExecutor] Strategizing for executor
1775027507.408365 2026-04-01 02:11:47 MainProcess-2060603 JobStatusPoller-Timer-Thread-124161552210576-124161550726848 parsl.jobs.strategy:220 _general_strategy DEBUG: [Scaling executor HighThroughputExecutor] Executor 2 active tasks, 2 active slots, and 1/0 running/pending blocks
1775027507.408430 2026-04-01 02:11:47 MainProcess-2060603 JobStatusPoller-Timer-Thread-124161552210576-124161550726848 parsl.jobs.strategy:312 _general_strategy DEBUG: [Scaling executor HighThroughputExecutor] Strategy case 3: no changes necessary to current block load
1775027507.408479 2026-04-01 02:11:47 MainProcess-2060603 JobStatusPoller-Timer-Thread-124161552210576-124161550726848 parsl.process_loggers:27 wrapped DEBUG: Normal ending for _general_strategy on thread JobStatusPoller-Timer-Thread-124161552210576
1775027512.409286 2026-04-01 02:11:52 MainProcess-2060603 JobStatusPoller-Timer-Thread-124161552210576-124161550726848 parsl.executors.high_throughput.zmq_pipes:77 run DEBUG: Sending command client command
1775027512.409674 2026-04-01 02:11:52 MainProcess-2060603 JobStatusPoller-Timer-Thread-124161552210576-124161550726848 parsl.executors.high_throughput.zmq_pipes:104 run DEBUG: Receiving command client response
1775027512.411674 2026-04-01 02:11:52 MainProcess-2060603 JobStatusPoller-Timer-Thread-124161552210576-124161550726848 parsl.executors.high_throughput.zmq_pipes:106 run DEBUG: Received command client response
1775027512.411951 2026-04-01 02:11:52 MainProcess-2060603 JobStatusPoller-Timer-Thread-124161552210576-124161550726848 parsl.jobs.strategy:184 _general_strategy DEBUG: general strategy starting with strategy_type simple for 1 executors
1775027512.412048 2026-04-01 02:11:52 MainProcess-2060603 JobStatusPoller-Timer-Thread-124161552210576-124161550726848 parsl.jobs.strategy:194 _general_strategy DEBUG: [Scaling executor HighThroughputExecutor] Strategizing for executor
1775027512.412172 2026-04-01 02:11:52 MainProcess-2060603 JobStatusPoller-Timer-Thread-124161552210576-124161550726848 parsl.jobs.strategy:220 _general_strategy DEBUG: [Scaling executor HighThroughputExecutor] Executor 2 active tasks, 2 active slots, and 1/0 running/pending blocks
1775027512.412255 2026-04-01 02:11:52 MainProcess-2060603 JobStatusPoller-Timer-Thread-124161552210576-124161550726848 parsl.jobs.strategy:312 _general_strategy DEBUG: [Scaling executor HighThroughputExecutor] Strategy case 3: no changes necessary to current block load
1775027512.412317 2026-04-01 02:11:52 MainProcess-2060603 JobStatusPoller-Timer-Thread-124161552210576-124161550726848 parsl.process_loggers:27 wrapped DEBUG: Normal ending for _general_strategy on thread JobStatusPoller-Timer-Thread-124161552210576
1775027517.412795 2026-04-01 02:11:57 MainProcess-2060603 JobStatusPoller-Timer-Thread-124161552210576-124161550726848 parsl.executors.high_throughput.zmq_pipes:77 run DEBUG: Sending command client command
1775027517.413043 2026-04-01 02:11:57 MainProcess-2060603 JobStatusPoller-Timer-Thread-124161552210576-124161550726848 parsl.executors.high_throughput.zmq_pipes:104 run DEBUG: Receiving command client response
1775027517.414190 2026-04-01 02:11:57 MainProcess-2060603 JobStatusPoller-Timer-Thread-124161552210576-124161550726848 parsl.executors.high_throughput.zmq_pipes:106 run DEBUG: Received command client response
1775027517.414316 2026-04-01 02:11:57 MainProcess-2060603 JobStatusPoller-Timer-Thread-124161552210576-124161550726848 parsl.jobs.strategy:184 _general_strategy DEBUG: general strategy starting with strategy_type simple for 1 executors
1775027517.414366 2026-04-01 02:11:57 MainProcess-2060603 JobStatusPoller-Timer-Thread-124161552210576-124161550726848 parsl.jobs.strategy:194 _general_strategy DEBUG: [Scaling executor HighThroughputExecutor] Strategizing for executor
1775027517.414431 2026-04-01 02:11:57 MainProcess-2060603 JobStatusPoller-Timer-Thread-124161552210576-124161550726848 parsl.jobs.strategy:220 _general_strategy DEBUG: [Scaling executor HighThroughputExecutor] Executor 2 active tasks, 2 active slots, and 1/0 running/pending blocks
1775027517.414481 2026-04-01 02:11:57 MainProcess-2060603 JobStatusPoller-Timer-Thread-124161552210576-124161550726848 parsl.jobs.strategy:312 _general_strategy DEBUG: [Scaling executor HighThroughputExecutor] Strategy case 3: no changes necessary to current block load
1775027517.414521 2026-04-01 02:11:57 MainProcess-2060603 JobStatusPoller-Timer-Thread-124161552210576-124161550726848 parsl.process_loggers:27 wrapped DEBUG: Normal ending for _general_strategy on thread JobStatusPoller-Timer-Thread-124161552210576
1775027522.415286 2026-04-01 02:12:02 MainProcess-2060603 JobStatusPoller-Timer-Thread-124161552210576-124161550726848 parsl.executors.high_throughput.zmq_pipes:77 run DEBUG: Sending command client command
1775027522.415556 2026-04-01 02:12:02 MainProcess-2060603 JobStatusPoller-Timer-Thread-124161552210576-124161550726848 parsl.executors.high_throughput.zmq_pipes:104 run DEBUG: Receiving command client response
1775027522.417200 2026-04-01 02:12:02 MainProcess-2060603 JobStatusPoller-Timer-Thread-124161552210576-124161550726848 parsl.executors.high_throughput.zmq_pipes:106 run DEBUG: Received command client response
1775027522.417443 2026-04-01 02:12:02 MainProcess-2060603 JobStatusPoller-Timer-Thread-124161552210576-124161550726848 parsl.jobs.strategy:184 _general_strategy DEBUG: general strategy starting with strategy_type simple for 1 executors
1775027522.417521 2026-04-01 02:12:02 MainProcess-2060603 JobStatusPoller-Timer-Thread-124161552210576-124161550726848 parsl.jobs.strategy:194 _general_strategy DEBUG: [Scaling executor HighThroughputExecutor] Strategizing for executor
1775027522.417605 2026-04-01 02:12:02 MainProcess-2060603 JobStatusPoller-Timer-Thread-124161552210576-124161550726848 parsl.jobs.strategy:220 _general_strategy DEBUG: [Scaling executor HighThroughputExecutor] Executor 2 active tasks, 2 active slots, and 1/0 running/pending blocks
1775027522.417681 2026-04-01 02:12:02 MainProcess-2060603 JobStatusPoller-Timer-Thread-124161552210576-124161550726848 parsl.jobs.strategy:312 _general_strategy DEBUG: [Scaling executor HighThroughputExecutor] Strategy case 3: no changes necessary to current block load
1775027522.417745 2026-04-01 02:12:02 MainProcess-2060603 JobStatusPoller-Timer-Thread-124161552210576-124161550726848 parsl.process_loggers:27 wrapped DEBUG: Normal ending for _general_strategy on thread JobStatusPoller-Timer-Thread-124161552210576
1775027527.418772 2026-04-01 02:12:07 MainProcess-2060603 JobStatusPoller-Timer-Thread-124161552210576-124161550726848 parsl.executors.high_throughput.zmq_pipes:77 run DEBUG: Sending command client command
1775027527.419166 2026-04-01 02:12:07 MainProcess-2060603 JobStatusPoller-Timer-Thread-124161552210576-124161550726848 parsl.executors.high_throughput.zmq_pipes:104 run DEBUG: Receiving command client response
1775027527.421082 2026-04-01 02:12:07 MainProcess-2060603 JobStatusPoller-Timer-Thread-124161552210576-124161550726848 parsl.executors.high_throughput.zmq_pipes:106 run DEBUG: Received command client response
1775027527.421378 2026-04-01 02:12:07 MainProcess-2060603 JobStatusPoller-Timer-Thread-124161552210576-124161550726848 parsl.jobs.strategy:184 _general_strategy DEBUG: general strategy starting with strategy_type simple for 1 executors
1775027527.421496 2026-04-01 02:12:07 MainProcess-2060603 JobStatusPoller-Timer-Thread-124161552210576-124161550726848 parsl.jobs.strategy:194 _general_strategy DEBUG: [Scaling executor HighThroughputExecutor] Strategizing for executor
1775027527.421589 2026-04-01 02:12:07 MainProcess-2060603 JobStatusPoller-Timer-Thread-124161552210576-124161550726848 parsl.jobs.strategy:220 _general_strategy DEBUG: [Scaling executor HighThroughputExecutor] Executor 2 active tasks, 2 active slots, and 1/0 running/pending blocks
1775027527.421666 2026-04-01 02:12:07 MainProcess-2060603 JobStatusPoller-Timer-Thread-124161552210576-124161550726848 parsl.jobs.strategy:312 _general_strategy DEBUG: [Scaling executor HighThroughputExecutor] Strategy case 3: no changes necessary to current block load
1775027527.421726 2026-04-01 02:12:07 MainProcess-2060603 JobStatusPoller-Timer-Thread-124161552210576-124161550726848 parsl.process_loggers:27 wrapped DEBUG: Normal ending for _general_strategy on thread JobStatusPoller-Timer-Thread-124161552210576
1775027532.422493 2026-04-01 02:12:12 MainProcess-2060603 JobStatusPoller-Timer-Thread-124161552210576-124161550726848 parsl.executors.high_throughput.zmq_pipes:77 run DEBUG: Sending command client command
1775027532.422852 2026-04-01 02:12:12 MainProcess-2060603 JobStatusPoller-Timer-Thread-124161552210576-124161550726848 parsl.executors.high_throughput.zmq_pipes:104 run DEBUG: Receiving command client response
1775027532.424653 2026-04-01 02:12:12 MainProcess-2060603 JobStatusPoller-Timer-Thread-124161552210576-124161550726848 parsl.executors.high_throughput.zmq_pipes:106 run DEBUG: Received command client response
1775027532.424927 2026-04-01 02:12:12 MainProcess-2060603 JobStatusPoller-Timer-Thread-124161552210576-124161550726848 parsl.jobs.strategy:184 _general_strategy DEBUG: general strategy starting with strategy_type simple for 1 executors
1775027532.425018 2026-04-01 02:12:12 MainProcess-2060603 JobStatusPoller-Timer-Thread-124161552210576-124161550726848 parsl.jobs.strategy:194 _general_strategy DEBUG: [Scaling executor HighThroughputExecutor] Strategizing for executor
1775027532.425111 2026-04-01 02:12:12 MainProcess-2060603 JobStatusPoller-Timer-Thread-124161552210576-124161550726848 parsl.jobs.strategy:220 _general_strategy DEBUG: [Scaling executor HighThroughputExecutor] Executor 2 active tasks, 2 active slots, and 1/0 running/pending blocks
1775027532.425229 2026-04-01 02:12:12 MainProcess-2060603 JobStatusPoller-Timer-Thread-124161552210576-124161550726848 parsl.jobs.strategy:312 _general_strategy DEBUG: [Scaling executor HighThroughputExecutor] Strategy case 3: no changes necessary to current block load
1775027532.425291 2026-04-01 02:12:12 MainProcess-2060603 JobStatusPoller-Timer-Thread-124161552210576-124161550726848 parsl.process_loggers:27 wrapped DEBUG: Normal ending for _general_strategy on thread JobStatusPoller-Timer-Thread-124161552210576
1775027537.425697 2026-04-01 02:12:17 MainProcess-2060603 JobStatusPoller-Timer-Thread-124161552210576-124161550726848 parsl.executors.high_throughput.zmq_pipes:77 run DEBUG: Sending command client command
1775027537.425850 2026-04-01 02:12:17 MainProcess-2060603 JobStatusPoller-Timer-Thread-124161552210576-124161550726848 parsl.executors.high_throughput.zmq_pipes:104 run DEBUG: Receiving command client response
1775027537.426439 2026-04-01 02:12:17 MainProcess-2060603 JobStatusPoller-Timer-Thread-124161552210576-124161550726848 parsl.executors.high_throughput.zmq_pipes:106 run DEBUG: Received command client response
1775027537.426538 2026-04-01 02:12:17 MainProcess-2060603 JobStatusPoller-Timer-Thread-124161552210576-124161550726848 parsl.jobs.strategy:184 _general_strategy DEBUG: general strategy starting with strategy_type simple for 1 executors
1775027537.426592 2026-04-01 02:12:17 MainProcess-2060603 JobStatusPoller-Timer-Thread-124161552210576-124161550726848 parsl.jobs.strategy:194 _general_strategy DEBUG: [Scaling executor HighThroughputExecutor] Strategizing for executor
1775027537.426648 2026-04-01 02:12:17 MainProcess-2060603 JobStatusPoller-Timer-Thread-124161552210576-124161550726848 parsl.jobs.strategy:220 _general_strategy DEBUG: [Scaling executor HighThroughputExecutor] Executor 2 active tasks, 2 active slots, and 1/0 running/pending blocks
1775027537.426709 2026-04-01 02:12:17 MainProcess-2060603 JobStatusPoller-Timer-Thread-124161552210576-124161550726848 parsl.jobs.strategy:312 _general_strategy DEBUG: [Scaling executor HighThroughputExecutor] Strategy case 3: no changes necessary to current block load
1775027537.426751 2026-04-01 02:12:17 MainProcess-2060603 JobStatusPoller-Timer-Thread-124161552210576-124161550726848 parsl.process_loggers:27 wrapped DEBUG: Normal ending for _general_strategy on thread JobStatusPoller-Timer-Thread-124161552210576
1775027541.016629 2026-04-01 02:12:21 MainProcess-2060603 MainThread-124164260939584 parsl.dataflow.dflow:1090 atexit_cleanup WARNING: Python is exiting with a DFK still running. You should call parsl.dfk().cleanup() before exiting to release any resources
