1775025827.912521 2026-04-01 01:43:47 MainProcess-2057168 MainThread-135601756718912 parsl.dataflow.dflow:99 __init__ INFO: Starting DataFlowKernel with config
Config(
    dependency_resolver=None, 
    executors=(HighThroughputExecutor(
        address=None, 
        address_probe_timeout=None, 
        available_accelerators=[], 
        block_error_handler=<function simple_error_handler at 0x7b539f279620>, 
        cores_per_worker=1.0, 
        cpu_affinity='none', 
        drain_period=None, 
        encrypted=True, 
        heartbeat_period=30, 
        heartbeat_threshold=120, 
        interchange_launch_cmd=['interchange.py'], 
        interchange_port_range=(55000, 56000), 
        label='HighThroughputExecutor', 
        launch_cmd='process_worker_pool.py {debug} {max_workers_per_node} -a {addresses} -p {prefetch_capacity} -c {cores_per_worker} -m {mem_per_worker} --poll {poll_period} --port={worker_port} --cert_dir {cert_dir} --logdir={logdir} --block_id={{block_id}} --hb_period={heartbeat_period} {address_probe_timeout_string} --hb_threshold={heartbeat_threshold} --drain_period={drain_period} --cpu-affinity {cpu_affinity} {enable_mpi_mode} --mpi-launcher={mpi_launcher} --available-accelerators {accelerators}', 
        loopback_address='127.0.0.1', 
        manager_selector=<parsl.executors.high_throughput.manager_selector.RandomManagerSelector object at 0x7b539f3e96a0>, 
        max_workers_per_node=2, 
        mem_per_worker=None, 
        poll_period=10, 
        prefetch_capacity=0, 
        provider=LocalProvider(
            cmd_timeout=30, 
            init_blocks=1, 
            launcher=SingleNodeLauncher(debug=True, fail_on_any=False), 
            max_blocks=1, 
            min_blocks=0, 
            nodes_per_block=1, 
            parallelism=1, 
            worker_init='cd /home/agueroudji/Work/mofa/academy/examples/07-mol-designconda activate ./mol-design;'
        ), 
        remote_monitoring_radio=HTEXRadio(), 
        storage_access=None, 
        worker_debug=False, 
        worker_logdir_root=None, 
        worker_port=None, 
        worker_port_range=(54000, 55000), 
        working_dir=None
    ),), 
    exit_mode='cleanup', 
    garbage_collect=True, 
    initialize_logging=True, 
    internal_tasks_max_threads=10, 
    max_idletime=120.0, 
    memoizer=None, 
    monitoring=None, 
    project_name=None, 
    retries=0, 
    retry_handler=None, 
    run_dir='runinfo', 
    std_autopath=None, 
    strategy='simple', 
    strategy_period=5, 
    usage_tracking=0
)
1775025827.912801 2026-04-01 01:43:47 MainProcess-2057168 MainThread-135601756718912 parsl.dataflow.dflow:101 __init__ INFO: Parsl version: 2026.03.23
1775025827.912920 2026-04-01 01:43:47 MainProcess-2057168 MainThread-135601756718912 parsl.usage_tracking.usage:119 __init__ DEBUG: Tracking level: 0
1775025827.912994 2026-04-01 01:43:47 MainProcess-2057168 MainThread-135601756718912 parsl.dataflow.dflow:124 __init__ INFO: Run id is: fe04c508-4bbc-4e8d-adfc-7b8b69c74283
1775025827.970384 2026-04-01 01:43:47 MainProcess-2057168 MainThread-135601756718912 parsl.dataflow.dflow:131 __init__ DEBUG: Considering candidate for workflow name: /home/agueroudji/miniconda3/envs/07/lib/python3.13/site-packages/parsl/dataflow/dflow.py
1775025827.970458 2026-04-01 01:43:47 MainProcess-2057168 MainThread-135601756718912 parsl.dataflow.dflow:131 __init__ DEBUG: Considering candidate for workflow name: /home/agueroudji/miniconda3/envs/07/lib/python3.13/site-packages/parsl/dataflow/dflow.py
1775025827.970479 2026-04-01 01:43:47 MainProcess-2057168 MainThread-135601756718912 parsl.dataflow.dflow:131 __init__ DEBUG: Considering candidate for workflow name: /home/agueroudji/miniconda3/envs/07/lib/python3.13/site-packages/parsl/concurrent/__init__.py
1775025827.970495 2026-04-01 01:43:47 MainProcess-2057168 MainThread-135601756718912 parsl.dataflow.dflow:131 __init__ DEBUG: Considering candidate for workflow name: /home/agueroudji/Work/mofa/academy/examples/07-mol-design/run-07.py
1775025827.970512 2026-04-01 01:43:47 MainProcess-2057168 MainThread-135601756718912 parsl.dataflow.dflow:137 __init__ DEBUG: Using run-07.py as workflow name
1775025827.970663 2026-04-01 01:43:47 MainProcess-2057168 MainThread-135601756718912 parsl.dataflow.memoization:335 start INFO: App caching initialized
1775025827.970715 2026-04-01 01:43:47 MainProcess-2057168 MainThread-135601756718912 parsl.jobs.strategy:145 __init__ DEBUG: Scaling strategy: simple
1775025827.970970 2026-04-01 01:43:47 MainProcess-2057168 JobStatusPoller-Timer-Thread-135599048055104-135599046538944 parsl.jobs.strategy:184 _general_strategy DEBUG: general strategy starting with strategy_type simple for 0 executors
1775025827.971338 2026-04-01 01:43:47 MainProcess-2057168 JobStatusPoller-Timer-Thread-135599048055104-135599046538944 parsl.process_loggers:27 wrapped DEBUG: Normal ending for _general_strategy on thread JobStatusPoller-Timer-Thread-135599048055104
1775025827.971236 2026-04-01 01:43:47 MainProcess-2057168 MainThread-135601756718912 parsl.executors.high_throughput.executor:440 start DEBUG: Creating CurveZMQ certificates
1775025827.973251 2026-04-01 01:43:47 MainProcess-2057168 MainThread-135601756718912 parsl.executors.high_throughput.executor:616 _start_result_queue_thread DEBUG: Starting result queue thread
1775025827.973484 2026-04-01 01:43:47 MainProcess-2057168 HTEX-Result-Queue-Thread-135598929065664 parsl.executors.high_throughput.executor:493 _result_queue_worker DEBUG: Result queue worker starting
1775025827.973536 2026-04-01 01:43:47 MainProcess-2057168 MainThread-135601756718912 parsl.executors.high_throughput.executor:620 _start_result_queue_thread DEBUG: Started result queue thread: <Thread(HTEX-Result-Queue-Thread, started daemon 135598929065664)>
1775025827.977515 2026-04-01 01:43:47 MainProcess-2057168 MainThread-135601756718912 parsl.executors.high_throughput.executor:592 _start_local_interchange_process DEBUG: Popened interchange process. Writing config object
1775025827.977583 2026-04-01 01:43:47 MainProcess-2057168 MainThread-135601756718912 parsl.executors.high_throughput.executor:596 _start_local_interchange_process DEBUG: Sent config object. Requesting worker ports
1775025827.977612 2026-04-01 01:43:47 MainProcess-2057168 MainThread-135601756718912 parsl.executors.high_throughput.zmq_pipes:77 run DEBUG: Sending command client command
1775025828.365485 2026-04-01 01:43:48 MainProcess-2057168 MainThread-135601756718912 parsl.executors.high_throughput.zmq_pipes:92 run DEBUG: Polling for command client response or timeout
1775025828.365826 2026-04-01 01:43:48 MainProcess-2057168 MainThread-135601756718912 parsl.executors.high_throughput.zmq_pipes:104 run DEBUG: Receiving command client response
1775025828.365884 2026-04-01 01:43:48 MainProcess-2057168 MainThread-135601756718912 parsl.executors.high_throughput.zmq_pipes:106 run DEBUG: Received command client response
1775025828.365910 2026-04-01 01:43:48 MainProcess-2057168 MainThread-135601756718912 parsl.executors.high_throughput.executor:602 _start_local_interchange_process DEBUG: Interchange process started (<Popen: returncode: None args: ['interchange.py']>).  Worker port: 54892
1775025828.365963 2026-04-01 01:43:48 MainProcess-2057168 MainThread-135601756718912 parsl.executors.high_throughput.executor:431 initialize_scaling DEBUG: Launch command: process_worker_pool.py  --max_workers_per_node=2 -a 127.0.0.1,192.168.1.65,172.19.0.1,130.202.232.189,172.18.0.1,172.16.10.1,172.17.0.1 -p 0 -c 1.0 -m None --poll 10 --port=54892 --cert_dir /home/agueroudji/Work/mofa/academy/examples/07-mol-design/runinfo/014/HighThroughputExecutor/certificates --logdir=/home/agueroudji/Work/mofa/academy/examples/07-mol-design/runinfo/014/HighThroughputExecutor --block_id={block_id} --hb_period=30  --hb_threshold=120 --drain_period=None --cpu-affinity none  --mpi-launcher=mpiexec --available-accelerators 
1775025828.365981 2026-04-01 01:43:48 MainProcess-2057168 MainThread-135601756718912 parsl.executors.high_throughput.executor:433 initialize_scaling DEBUG: Starting HighThroughputExecutor with provider:
LocalProvider(
    cmd_timeout=30, 
    init_blocks=1, 
    launcher=SingleNodeLauncher(debug=True, fail_on_any=False), 
    max_blocks=1, 
    min_blocks=0, 
    nodes_per_block=1, 
    parallelism=1, 
    worker_init='cd /home/agueroudji/Work/mofa/academy/examples/07-mol-designconda activate ./mol-design;'
)
1775025828.366351 2026-04-01 01:43:48 MainProcess-2057168 MainThread-135601756718912 parsl.jobs.job_status_poller:30 add_executors DEBUG: Adding executor HighThroughputExecutor
1775025828.372195 2026-04-01 01:43:48 MainProcess-2057168 MainThread-135601756718912 parsl.dataflow.dflow:942 submit DEBUG: Task 0 will be sent to executor HighThroughputExecutor
1775025828.372371 2026-04-01 01:43:48 MainProcess-2057168 MainThread-135601756718912 parsl.dataflow.dflow:750 _add_output_deps DEBUG: Adding output dependencies
1775025828.372472 2026-04-01 01:43:48 MainProcess-2057168 MainThread-135601756718912 parsl.dataflow.dflow:991 submit DEBUG: Added output dependencies
1775025828.372531 2026-04-01 01:43:48 MainProcess-2057168 MainThread-135601756718912 parsl.dataflow.dflow:1000 submit DEBUG: Gathering dependencies
1775025828.372629 2026-04-01 01:43:48 MainProcess-2057168 MainThread-135601756718912 parsl.dataflow.dflow:1003 submit DEBUG: Gathered dependencies
1775025828.372686 2026-04-01 01:43:48 MainProcess-2057168 MainThread-135601756718912 parsl.dataflow.dflow:1015 submit INFO: Task 0 submitted for App _run_agent_on_worker, not waiting on any dependency
1775025828.372788 2026-04-01 01:43:48 MainProcess-2057168 MainThread-135601756718912 parsl.dataflow.dflow:1019 submit DEBUG: Task 0 set to pending state with AppFuture: <AppFuture at 0x7b539d177e00 state=pending>
1775025828.373194 2026-04-01 01:43:48 MainProcess-2057168 Task-Launch_0-135598912280256 parsl.dataflow.memoization:379 check_memo DEBUG: Task 0 will not be memoized
1775025828.373551 2026-04-01 01:43:48 MainProcess-2057168 Task-Launch_0-135598912280256 parsl.executors.high_throughput.executor:703 submit DEBUG: Pushing function <function _run_agent_on_worker at 0x7b539d1d3b00> to queue with args ("_RunSpec(agent=<class 'mol_design_agents.XTBSimulationAgent'>, config=RuntimeConfig(cancel_actions_o...",)
1775025828.376080 2026-04-01 01:43:48 MainProcess-2057168 Task-Launch_0-135598912280256 parsl.executors.high_throughput.zmq_pipes:148 put DEBUG: Sending TasksOutgoing message
1775025828.376246 2026-04-01 01:43:48 MainProcess-2057168 Task-Launch_0-135598912280256 parsl.executors.high_throughput.zmq_pipes:150 put DEBUG: Sent TasksOutgoing message
1775025828.376438 2026-04-01 01:43:48 MainProcess-2057168 Task-Launch_0-135598912280256 parsl.dataflow.dflow:703 launch_task INFO: Parsl task 0 try 0 launched on executor HighThroughputExecutor with executor id 1
1775025828.376800 2026-04-01 01:43:48 MainProcess-2057168 Task-Launch_0-135598912280256 parsl.dataflow.dflow:1199 log_std_stream INFO: Standard out for task 0 will not be redirected.
1775025828.376996 2026-04-01 01:43:48 MainProcess-2057168 Task-Launch_0-135598912280256 parsl.dataflow.dflow:1199 log_std_stream INFO: Standard error for task 0 will not be redirected.
1775025828.377259 2026-04-01 01:43:48 MainProcess-2057168 Task-Launch_0-135598912280256 parsl.process_loggers:27 wrapped DEBUG: Normal ending for _launch_if_ready_async on thread Task-Launch_0
1775025828.377755 2026-04-01 01:43:48 MainProcess-2057168 MainThread-135601756718912 parsl.dataflow.dflow:942 submit DEBUG: Task 1 will be sent to executor HighThroughputExecutor
1775025828.377863 2026-04-01 01:43:48 MainProcess-2057168 MainThread-135601756718912 parsl.dataflow.dflow:750 _add_output_deps DEBUG: Adding output dependencies
1775025828.377923 2026-04-01 01:43:48 MainProcess-2057168 MainThread-135601756718912 parsl.dataflow.dflow:991 submit DEBUG: Added output dependencies
1775025828.377969 2026-04-01 01:43:48 MainProcess-2057168 MainThread-135601756718912 parsl.dataflow.dflow:1000 submit DEBUG: Gathering dependencies
1775025828.378021 2026-04-01 01:43:48 MainProcess-2057168 MainThread-135601756718912 parsl.dataflow.dflow:1003 submit DEBUG: Gathered dependencies
1775025828.378067 2026-04-01 01:43:48 MainProcess-2057168 MainThread-135601756718912 parsl.dataflow.dflow:1015 submit INFO: Task 1 submitted for App _run_agent_on_worker, not waiting on any dependency
1775025828.378200 2026-04-01 01:43:48 MainProcess-2057168 MainThread-135601756718912 parsl.dataflow.dflow:1019 submit DEBUG: Task 1 set to pending state with AppFuture: <AppFuture at 0x7b539d17b610 state=pending>
1775025828.378523 2026-04-01 01:43:48 MainProcess-2057168 Task-Launch_0-135598912280256 parsl.dataflow.memoization:379 check_memo DEBUG: Task 1 will not be memoized
1775025828.378742 2026-04-01 01:43:48 MainProcess-2057168 Task-Launch_0-135598912280256 parsl.executors.high_throughput.executor:703 submit DEBUG: Pushing function <function _run_agent_on_worker at 0x7b539d1d3b00> to queue with args ("_RunSpec(agent=<class 'mol_design_agents.XTBSimulationAgent'>, config=RuntimeConfig(cancel_actions_o...",)
1775025828.379629 2026-04-01 01:43:48 MainProcess-2057168 Task-Launch_0-135598912280256 parsl.executors.high_throughput.zmq_pipes:148 put DEBUG: Sending TasksOutgoing message
1775025828.379748 2026-04-01 01:43:48 MainProcess-2057168 Task-Launch_0-135598912280256 parsl.executors.high_throughput.zmq_pipes:150 put DEBUG: Sent TasksOutgoing message
1775025828.379824 2026-04-01 01:43:48 MainProcess-2057168 Task-Launch_0-135598912280256 parsl.dataflow.dflow:703 launch_task INFO: Parsl task 1 try 0 launched on executor HighThroughputExecutor with executor id 2
1775025828.379916 2026-04-01 01:43:48 MainProcess-2057168 Task-Launch_0-135598912280256 parsl.dataflow.dflow:1199 log_std_stream INFO: Standard out for task 1 will not be redirected.
1775025828.379985 2026-04-01 01:43:48 MainProcess-2057168 Task-Launch_0-135598912280256 parsl.dataflow.dflow:1199 log_std_stream INFO: Standard error for task 1 will not be redirected.
1775025828.380055 2026-04-01 01:43:48 MainProcess-2057168 Task-Launch_0-135598912280256 parsl.process_loggers:27 wrapped DEBUG: Normal ending for _launch_if_ready_async on thread Task-Launch_0
1775025832.971897 2026-04-01 01:43:52 MainProcess-2057168 JobStatusPoller-Timer-Thread-135599048055104-135599046538944 parsl.executors.high_throughput.zmq_pipes:77 run DEBUG: Sending command client command
1775025832.972632 2026-04-01 01:43:52 MainProcess-2057168 JobStatusPoller-Timer-Thread-135599048055104-135599046538944 parsl.executors.high_throughput.zmq_pipes:104 run DEBUG: Receiving command client response
1775025832.974395 2026-04-01 01:43:52 MainProcess-2057168 JobStatusPoller-Timer-Thread-135599048055104-135599046538944 parsl.executors.high_throughput.zmq_pipes:106 run DEBUG: Received command client response
1775025832.974693 2026-04-01 01:43:52 MainProcess-2057168 JobStatusPoller-Timer-Thread-135599048055104-135599046538944 parsl.jobs.strategy:184 _general_strategy DEBUG: general strategy starting with strategy_type simple for 1 executors
1775025832.974797 2026-04-01 01:43:52 MainProcess-2057168 JobStatusPoller-Timer-Thread-135599048055104-135599046538944 parsl.jobs.strategy:194 _general_strategy DEBUG: [Scaling executor HighThroughputExecutor] Strategizing for executor
1775025832.975401 2026-04-01 01:43:52 MainProcess-2057168 JobStatusPoller-Timer-Thread-135599048055104-135599046538944 parsl.jobs.strategy:197 _general_strategy DEBUG: [Scaling executor HighThroughputExecutor] Scaling out 1 initial blocks
1775025832.975480 2026-04-01 01:43:52 MainProcess-2057168 JobStatusPoller-Timer-Thread-135599048055104-135599046538944 parsl.executors.status_handling:207 scale_out_facade INFO: [Scaling executor HighThroughputExecutor] Scaling out by 1 blocks
1775025832.975605 2026-04-01 01:43:52 MainProcess-2057168 JobStatusPoller-Timer-Thread-135599048055104-135599046538944 parsl.executors.status_handling:210 scale_out_facade INFO: [Scaling executor HighThroughputExecutor] Allocated block ID 0
1775025832.975700 2026-04-01 01:43:52 MainProcess-2057168 JobStatusPoller-Timer-Thread-135599048055104-135599046538944 parsl.executors.status_handling:265 _launch_block DEBUG: [Scaling executor HighThroughputExecutor] Submitting to provider with job_name parsl.HighThroughputExecutor.block-0
1775025832.976115 2026-04-01 01:43:52 MainProcess-2057168 JobStatusPoller-Timer-Thread-135599048055104-135599046538944 parsl.providers.local.local:208 submit DEBUG: Launching
1775025832.976230 2026-04-01 01:43:52 MainProcess-2057168 JobStatusPoller-Timer-Thread-135599048055104-135599046538944 parsl.utils:498 execute_wait DEBUG: Creating process with command '/bin/bash -c 'echo - >/home/agueroudji/Work/mofa/academy/examples/07-mol-design/runinfo/014/submit_scripts/parsl.HighThroughputExecutor.block-0.1775025832.9757705.sh.ec && { { bash /home/agueroudji/Work/mofa/academy/examples/07-mol-design/runinfo/014/submit_scripts/parsl.HighThroughputExecutor.block-0.1775025832.9757705.sh 1>/home/agueroudji/Work/mofa/academy/examples/07-mol-design/runinfo/014/submit_scripts/parsl.HighThroughputExecutor.block-0.1775025832.9757705.sh.out 2>/home/agueroudji/Work/mofa/academy/examples/07-mol-design/runinfo/014/submit_scripts/parsl.HighThroughputExecutor.block-0.1775025832.9757705.sh.err ; echo $? > /home/agueroudji/Work/mofa/academy/examples/07-mol-design/runinfo/014/submit_scripts/parsl.HighThroughputExecutor.block-0.1775025832.9757705.sh.ec ; } >/dev/null 2>&1 & echo "PID:$!" ; }''
1775025832.999409 2026-04-01 01:43:52 MainProcess-2057168 JobStatusPoller-Timer-Thread-135599048055104-135599046538944 parsl.utils:506 execute_wait DEBUG: Created process with pid 2057205. Performing communicate
1775025833.003431 2026-04-01 01:43:53 MainProcess-2057168 JobStatusPoller-Timer-Thread-135599048055104-135599046538944 parsl.utils:509 execute_wait DEBUG: Process 2057205 returned 0
1775025833.003585 2026-04-01 01:43:53 MainProcess-2057168 JobStatusPoller-Timer-Thread-135599048055104-135599046538944 parsl.utils:515 execute_wait DEBUG: Execution of command in process 2057205 completed normally
1775025833.003782 2026-04-01 01:43:53 MainProcess-2057168 JobStatusPoller-Timer-Thread-135599048055104-135599046538944 parsl.executors.status_handling:268 _launch_block DEBUG: [Scaling executor HighThroughputExecutor] Launched block 0 with job ID 2057207
1775025833.003953 2026-04-01 01:43:53 MainProcess-2057168 JobStatusPoller-Timer-Thread-135599048055104-135599046538944 parsl.jobs.strategy:220 _general_strategy DEBUG: [Scaling executor HighThroughputExecutor] Executor 2 active tasks, 2 active slots, and 0/1 running/pending blocks
1775025833.004060 2026-04-01 01:43:53 MainProcess-2057168 JobStatusPoller-Timer-Thread-135599048055104-135599046538944 parsl.jobs.strategy:312 _general_strategy DEBUG: [Scaling executor HighThroughputExecutor] Strategy case 3: no changes necessary to current block load
1775025833.004174 2026-04-01 01:43:53 MainProcess-2057168 JobStatusPoller-Timer-Thread-135599048055104-135599046538944 parsl.process_loggers:27 wrapped DEBUG: Normal ending for _general_strategy on thread JobStatusPoller-Timer-Thread-135599048055104
1775025838.004671 2026-04-01 01:43:58 MainProcess-2057168 JobStatusPoller-Timer-Thread-135599048055104-135599046538944 parsl.executors.high_throughput.zmq_pipes:77 run DEBUG: Sending command client command
1775025838.004855 2026-04-01 01:43:58 MainProcess-2057168 JobStatusPoller-Timer-Thread-135599048055104-135599046538944 parsl.executors.high_throughput.zmq_pipes:104 run DEBUG: Receiving command client response
1775025838.005651 2026-04-01 01:43:58 MainProcess-2057168 JobStatusPoller-Timer-Thread-135599048055104-135599046538944 parsl.executors.high_throughput.zmq_pipes:106 run DEBUG: Received command client response
1775025838.005828 2026-04-01 01:43:58 MainProcess-2057168 JobStatusPoller-Timer-Thread-135599048055104-135599046538944 parsl.jobs.strategy:184 _general_strategy DEBUG: general strategy starting with strategy_type simple for 1 executors
1775025838.005883 2026-04-01 01:43:58 MainProcess-2057168 JobStatusPoller-Timer-Thread-135599048055104-135599046538944 parsl.jobs.strategy:194 _general_strategy DEBUG: [Scaling executor HighThroughputExecutor] Strategizing for executor
1775025838.005943 2026-04-01 01:43:58 MainProcess-2057168 JobStatusPoller-Timer-Thread-135599048055104-135599046538944 parsl.jobs.strategy:220 _general_strategy DEBUG: [Scaling executor HighThroughputExecutor] Executor 2 active tasks, 2 active slots, and 1/0 running/pending blocks
1775025838.006003 2026-04-01 01:43:58 MainProcess-2057168 JobStatusPoller-Timer-Thread-135599048055104-135599046538944 parsl.jobs.strategy:312 _general_strategy DEBUG: [Scaling executor HighThroughputExecutor] Strategy case 3: no changes necessary to current block load
1775025838.006047 2026-04-01 01:43:58 MainProcess-2057168 JobStatusPoller-Timer-Thread-135599048055104-135599046538944 parsl.process_loggers:27 wrapped DEBUG: Normal ending for _general_strategy on thread JobStatusPoller-Timer-Thread-135599048055104
1775025843.006798 2026-04-01 01:44:03 MainProcess-2057168 JobStatusPoller-Timer-Thread-135599048055104-135599046538944 parsl.executors.high_throughput.zmq_pipes:77 run DEBUG: Sending command client command
1775025843.007224 2026-04-01 01:44:03 MainProcess-2057168 JobStatusPoller-Timer-Thread-135599048055104-135599046538944 parsl.executors.high_throughput.zmq_pipes:104 run DEBUG: Receiving command client response
1775025843.016419 2026-04-01 01:44:03 MainProcess-2057168 JobStatusPoller-Timer-Thread-135599048055104-135599046538944 parsl.executors.high_throughput.zmq_pipes:106 run DEBUG: Received command client response
1775025843.016736 2026-04-01 01:44:03 MainProcess-2057168 JobStatusPoller-Timer-Thread-135599048055104-135599046538944 parsl.jobs.strategy:184 _general_strategy DEBUG: general strategy starting with strategy_type simple for 1 executors
1775025843.016819 2026-04-01 01:44:03 MainProcess-2057168 JobStatusPoller-Timer-Thread-135599048055104-135599046538944 parsl.jobs.strategy:194 _general_strategy DEBUG: [Scaling executor HighThroughputExecutor] Strategizing for executor
1775025843.016902 2026-04-01 01:44:03 MainProcess-2057168 JobStatusPoller-Timer-Thread-135599048055104-135599046538944 parsl.jobs.strategy:220 _general_strategy DEBUG: [Scaling executor HighThroughputExecutor] Executor 2 active tasks, 2 active slots, and 1/0 running/pending blocks
1775025843.016971 2026-04-01 01:44:03 MainProcess-2057168 JobStatusPoller-Timer-Thread-135599048055104-135599046538944 parsl.jobs.strategy:312 _general_strategy DEBUG: [Scaling executor HighThroughputExecutor] Strategy case 3: no changes necessary to current block load
1775025843.017028 2026-04-01 01:44:03 MainProcess-2057168 JobStatusPoller-Timer-Thread-135599048055104-135599046538944 parsl.process_loggers:27 wrapped DEBUG: Normal ending for _general_strategy on thread JobStatusPoller-Timer-Thread-135599048055104
1775025848.017352 2026-04-01 01:44:08 MainProcess-2057168 JobStatusPoller-Timer-Thread-135599048055104-135599046538944 parsl.executors.high_throughput.zmq_pipes:77 run DEBUG: Sending command client command
1775025848.017472 2026-04-01 01:44:08 MainProcess-2057168 JobStatusPoller-Timer-Thread-135599048055104-135599046538944 parsl.executors.high_throughput.zmq_pipes:104 run DEBUG: Receiving command client response
1775025848.018438 2026-04-01 01:44:08 MainProcess-2057168 JobStatusPoller-Timer-Thread-135599048055104-135599046538944 parsl.executors.high_throughput.zmq_pipes:106 run DEBUG: Received command client response
1775025848.018505 2026-04-01 01:44:08 MainProcess-2057168 JobStatusPoller-Timer-Thread-135599048055104-135599046538944 parsl.jobs.strategy:184 _general_strategy DEBUG: general strategy starting with strategy_type simple for 1 executors
1775025848.018530 2026-04-01 01:44:08 MainProcess-2057168 JobStatusPoller-Timer-Thread-135599048055104-135599046538944 parsl.jobs.strategy:194 _general_strategy DEBUG: [Scaling executor HighThroughputExecutor] Strategizing for executor
1775025848.018560 2026-04-01 01:44:08 MainProcess-2057168 JobStatusPoller-Timer-Thread-135599048055104-135599046538944 parsl.jobs.strategy:220 _general_strategy DEBUG: [Scaling executor HighThroughputExecutor] Executor 2 active tasks, 2 active slots, and 1/0 running/pending blocks
1775025848.018583 2026-04-01 01:44:08 MainProcess-2057168 JobStatusPoller-Timer-Thread-135599048055104-135599046538944 parsl.jobs.strategy:312 _general_strategy DEBUG: [Scaling executor HighThroughputExecutor] Strategy case 3: no changes necessary to current block load
1775025848.018613 2026-04-01 01:44:08 MainProcess-2057168 JobStatusPoller-Timer-Thread-135599048055104-135599046538944 parsl.process_loggers:27 wrapped DEBUG: Normal ending for _general_strategy on thread JobStatusPoller-Timer-Thread-135599048055104
1775025853.019066 2026-04-01 01:44:13 MainProcess-2057168 JobStatusPoller-Timer-Thread-135599048055104-135599046538944 parsl.executors.high_throughput.zmq_pipes:77 run DEBUG: Sending command client command
1775025853.019328 2026-04-01 01:44:13 MainProcess-2057168 JobStatusPoller-Timer-Thread-135599048055104-135599046538944 parsl.executors.high_throughput.zmq_pipes:104 run DEBUG: Receiving command client response
1775025853.020296 2026-04-01 01:44:13 MainProcess-2057168 JobStatusPoller-Timer-Thread-135599048055104-135599046538944 parsl.executors.high_throughput.zmq_pipes:106 run DEBUG: Received command client response
1775025853.020451 2026-04-01 01:44:13 MainProcess-2057168 JobStatusPoller-Timer-Thread-135599048055104-135599046538944 parsl.jobs.strategy:184 _general_strategy DEBUG: general strategy starting with strategy_type simple for 1 executors
1775025853.020526 2026-04-01 01:44:13 MainProcess-2057168 JobStatusPoller-Timer-Thread-135599048055104-135599046538944 parsl.jobs.strategy:194 _general_strategy DEBUG: [Scaling executor HighThroughputExecutor] Strategizing for executor
1775025853.020602 2026-04-01 01:44:13 MainProcess-2057168 JobStatusPoller-Timer-Thread-135599048055104-135599046538944 parsl.jobs.strategy:220 _general_strategy DEBUG: [Scaling executor HighThroughputExecutor] Executor 2 active tasks, 2 active slots, and 1/0 running/pending blocks
1775025853.020669 2026-04-01 01:44:13 MainProcess-2057168 JobStatusPoller-Timer-Thread-135599048055104-135599046538944 parsl.jobs.strategy:312 _general_strategy DEBUG: [Scaling executor HighThroughputExecutor] Strategy case 3: no changes necessary to current block load
1775025853.020728 2026-04-01 01:44:13 MainProcess-2057168 JobStatusPoller-Timer-Thread-135599048055104-135599046538944 parsl.process_loggers:27 wrapped DEBUG: Normal ending for _general_strategy on thread JobStatusPoller-Timer-Thread-135599048055104
1775025858.021340 2026-04-01 01:44:18 MainProcess-2057168 JobStatusPoller-Timer-Thread-135599048055104-135599046538944 parsl.executors.high_throughput.zmq_pipes:77 run DEBUG: Sending command client command
1775025858.021670 2026-04-01 01:44:18 MainProcess-2057168 JobStatusPoller-Timer-Thread-135599048055104-135599046538944 parsl.executors.high_throughput.zmq_pipes:104 run DEBUG: Receiving command client response
1775025858.023161 2026-04-01 01:44:18 MainProcess-2057168 JobStatusPoller-Timer-Thread-135599048055104-135599046538944 parsl.executors.high_throughput.zmq_pipes:106 run DEBUG: Received command client response
1775025858.023465 2026-04-01 01:44:18 MainProcess-2057168 JobStatusPoller-Timer-Thread-135599048055104-135599046538944 parsl.jobs.strategy:184 _general_strategy DEBUG: general strategy starting with strategy_type simple for 1 executors
1775025858.023559 2026-04-01 01:44:18 MainProcess-2057168 JobStatusPoller-Timer-Thread-135599048055104-135599046538944 parsl.jobs.strategy:194 _general_strategy DEBUG: [Scaling executor HighThroughputExecutor] Strategizing for executor
1775025858.023659 2026-04-01 01:44:18 MainProcess-2057168 JobStatusPoller-Timer-Thread-135599048055104-135599046538944 parsl.jobs.strategy:220 _general_strategy DEBUG: [Scaling executor HighThroughputExecutor] Executor 2 active tasks, 2 active slots, and 1/0 running/pending blocks
1775025858.023748 2026-04-01 01:44:18 MainProcess-2057168 JobStatusPoller-Timer-Thread-135599048055104-135599046538944 parsl.jobs.strategy:312 _general_strategy DEBUG: [Scaling executor HighThroughputExecutor] Strategy case 3: no changes necessary to current block load
1775025858.023825 2026-04-01 01:44:18 MainProcess-2057168 JobStatusPoller-Timer-Thread-135599048055104-135599046538944 parsl.process_loggers:27 wrapped DEBUG: Normal ending for _general_strategy on thread JobStatusPoller-Timer-Thread-135599048055104
1775025863.024203 2026-04-01 01:44:23 MainProcess-2057168 JobStatusPoller-Timer-Thread-135599048055104-135599046538944 parsl.executors.high_throughput.zmq_pipes:77 run DEBUG: Sending command client command
1775025863.024363 2026-04-01 01:44:23 MainProcess-2057168 JobStatusPoller-Timer-Thread-135599048055104-135599046538944 parsl.executors.high_throughput.zmq_pipes:104 run DEBUG: Receiving command client response
1775025863.024912 2026-04-01 01:44:23 MainProcess-2057168 JobStatusPoller-Timer-Thread-135599048055104-135599046538944 parsl.executors.high_throughput.zmq_pipes:106 run DEBUG: Received command client response
1775025863.025031 2026-04-01 01:44:23 MainProcess-2057168 JobStatusPoller-Timer-Thread-135599048055104-135599046538944 parsl.jobs.strategy:184 _general_strategy DEBUG: general strategy starting with strategy_type simple for 1 executors
1775025863.025082 2026-04-01 01:44:23 MainProcess-2057168 JobStatusPoller-Timer-Thread-135599048055104-135599046538944 parsl.jobs.strategy:194 _general_strategy DEBUG: [Scaling executor HighThroughputExecutor] Strategizing for executor
1775025863.025143 2026-04-01 01:44:23 MainProcess-2057168 JobStatusPoller-Timer-Thread-135599048055104-135599046538944 parsl.jobs.strategy:220 _general_strategy DEBUG: [Scaling executor HighThroughputExecutor] Executor 2 active tasks, 2 active slots, and 1/0 running/pending blocks
1775025863.025191 2026-04-01 01:44:23 MainProcess-2057168 JobStatusPoller-Timer-Thread-135599048055104-135599046538944 parsl.jobs.strategy:312 _general_strategy DEBUG: [Scaling executor HighThroughputExecutor] Strategy case 3: no changes necessary to current block load
1775025863.025231 2026-04-01 01:44:23 MainProcess-2057168 JobStatusPoller-Timer-Thread-135599048055104-135599046538944 parsl.process_loggers:27 wrapped DEBUG: Normal ending for _general_strategy on thread JobStatusPoller-Timer-Thread-135599048055104
1775025868.025567 2026-04-01 01:44:28 MainProcess-2057168 JobStatusPoller-Timer-Thread-135599048055104-135599046538944 parsl.executors.high_throughput.zmq_pipes:77 run DEBUG: Sending command client command
1775025868.025717 2026-04-01 01:44:28 MainProcess-2057168 JobStatusPoller-Timer-Thread-135599048055104-135599046538944 parsl.executors.high_throughput.zmq_pipes:104 run DEBUG: Receiving command client response
1775025868.026230 2026-04-01 01:44:28 MainProcess-2057168 JobStatusPoller-Timer-Thread-135599048055104-135599046538944 parsl.executors.high_throughput.zmq_pipes:106 run DEBUG: Received command client response
1775025868.026312 2026-04-01 01:44:28 MainProcess-2057168 JobStatusPoller-Timer-Thread-135599048055104-135599046538944 parsl.jobs.strategy:184 _general_strategy DEBUG: general strategy starting with strategy_type simple for 1 executors
1775025868.026355 2026-04-01 01:44:28 MainProcess-2057168 JobStatusPoller-Timer-Thread-135599048055104-135599046538944 parsl.jobs.strategy:194 _general_strategy DEBUG: [Scaling executor HighThroughputExecutor] Strategizing for executor
1775025868.026411 2026-04-01 01:44:28 MainProcess-2057168 JobStatusPoller-Timer-Thread-135599048055104-135599046538944 parsl.jobs.strategy:220 _general_strategy DEBUG: [Scaling executor HighThroughputExecutor] Executor 2 active tasks, 2 active slots, and 1/0 running/pending blocks
1775025868.026456 2026-04-01 01:44:28 MainProcess-2057168 JobStatusPoller-Timer-Thread-135599048055104-135599046538944 parsl.jobs.strategy:312 _general_strategy DEBUG: [Scaling executor HighThroughputExecutor] Strategy case 3: no changes necessary to current block load
1775025868.026497 2026-04-01 01:44:28 MainProcess-2057168 JobStatusPoller-Timer-Thread-135599048055104-135599046538944 parsl.process_loggers:27 wrapped DEBUG: Normal ending for _general_strategy on thread JobStatusPoller-Timer-Thread-135599048055104
1775025873.027230 2026-04-01 01:44:33 MainProcess-2057168 JobStatusPoller-Timer-Thread-135599048055104-135599046538944 parsl.executors.high_throughput.zmq_pipes:77 run DEBUG: Sending command client command
1775025873.027648 2026-04-01 01:44:33 MainProcess-2057168 JobStatusPoller-Timer-Thread-135599048055104-135599046538944 parsl.executors.high_throughput.zmq_pipes:104 run DEBUG: Receiving command client response
1775025873.029639 2026-04-01 01:44:33 MainProcess-2057168 JobStatusPoller-Timer-Thread-135599048055104-135599046538944 parsl.executors.high_throughput.zmq_pipes:106 run DEBUG: Received command client response
1775025873.030038 2026-04-01 01:44:33 MainProcess-2057168 JobStatusPoller-Timer-Thread-135599048055104-135599046538944 parsl.jobs.strategy:184 _general_strategy DEBUG: general strategy starting with strategy_type simple for 1 executors
1775025873.030172 2026-04-01 01:44:33 MainProcess-2057168 JobStatusPoller-Timer-Thread-135599048055104-135599046538944 parsl.jobs.strategy:194 _general_strategy DEBUG: [Scaling executor HighThroughputExecutor] Strategizing for executor
1775025873.030307 2026-04-01 01:44:33 MainProcess-2057168 JobStatusPoller-Timer-Thread-135599048055104-135599046538944 parsl.jobs.strategy:220 _general_strategy DEBUG: [Scaling executor HighThroughputExecutor] Executor 2 active tasks, 2 active slots, and 1/0 running/pending blocks
1775025873.030421 2026-04-01 01:44:33 MainProcess-2057168 JobStatusPoller-Timer-Thread-135599048055104-135599046538944 parsl.jobs.strategy:312 _general_strategy DEBUG: [Scaling executor HighThroughputExecutor] Strategy case 3: no changes necessary to current block load
1775025873.030520 2026-04-01 01:44:33 MainProcess-2057168 JobStatusPoller-Timer-Thread-135599048055104-135599046538944 parsl.process_loggers:27 wrapped DEBUG: Normal ending for _general_strategy on thread JobStatusPoller-Timer-Thread-135599048055104
1775025878.030986 2026-04-01 01:44:38 MainProcess-2057168 JobStatusPoller-Timer-Thread-135599048055104-135599046538944 parsl.executors.high_throughput.zmq_pipes:77 run DEBUG: Sending command client command
1775025878.031167 2026-04-01 01:44:38 MainProcess-2057168 JobStatusPoller-Timer-Thread-135599048055104-135599046538944 parsl.executors.high_throughput.zmq_pipes:104 run DEBUG: Receiving command client response
1775025878.031870 2026-04-01 01:44:38 MainProcess-2057168 JobStatusPoller-Timer-Thread-135599048055104-135599046538944 parsl.executors.high_throughput.zmq_pipes:106 run DEBUG: Received command client response
1775025878.031975 2026-04-01 01:44:38 MainProcess-2057168 JobStatusPoller-Timer-Thread-135599048055104-135599046538944 parsl.jobs.strategy:184 _general_strategy DEBUG: general strategy starting with strategy_type simple for 1 executors
1775025878.032030 2026-04-01 01:44:38 MainProcess-2057168 JobStatusPoller-Timer-Thread-135599048055104-135599046538944 parsl.jobs.strategy:194 _general_strategy DEBUG: [Scaling executor HighThroughputExecutor] Strategizing for executor
1775025878.032088 2026-04-01 01:44:38 MainProcess-2057168 JobStatusPoller-Timer-Thread-135599048055104-135599046538944 parsl.jobs.strategy:220 _general_strategy DEBUG: [Scaling executor HighThroughputExecutor] Executor 2 active tasks, 2 active slots, and 1/0 running/pending blocks
1775025878.032147 2026-04-01 01:44:38 MainProcess-2057168 JobStatusPoller-Timer-Thread-135599048055104-135599046538944 parsl.jobs.strategy:312 _general_strategy DEBUG: [Scaling executor HighThroughputExecutor] Strategy case 3: no changes necessary to current block load
1775025878.032200 2026-04-01 01:44:38 MainProcess-2057168 JobStatusPoller-Timer-Thread-135599048055104-135599046538944 parsl.process_loggers:27 wrapped DEBUG: Normal ending for _general_strategy on thread JobStatusPoller-Timer-Thread-135599048055104
1775025883.032909 2026-04-01 01:44:43 MainProcess-2057168 JobStatusPoller-Timer-Thread-135599048055104-135599046538944 parsl.executors.high_throughput.zmq_pipes:77 run DEBUG: Sending command client command
1775025883.033671 2026-04-01 01:44:43 MainProcess-2057168 JobStatusPoller-Timer-Thread-135599048055104-135599046538944 parsl.executors.high_throughput.zmq_pipes:104 run DEBUG: Receiving command client response
1775025883.035260 2026-04-01 01:44:43 MainProcess-2057168 JobStatusPoller-Timer-Thread-135599048055104-135599046538944 parsl.executors.high_throughput.zmq_pipes:106 run DEBUG: Received command client response
1775025883.035616 2026-04-01 01:44:43 MainProcess-2057168 JobStatusPoller-Timer-Thread-135599048055104-135599046538944 parsl.jobs.strategy:184 _general_strategy DEBUG: general strategy starting with strategy_type simple for 1 executors
1775025883.035718 2026-04-01 01:44:43 MainProcess-2057168 JobStatusPoller-Timer-Thread-135599048055104-135599046538944 parsl.jobs.strategy:194 _general_strategy DEBUG: [Scaling executor HighThroughputExecutor] Strategizing for executor
1775025883.035818 2026-04-01 01:44:43 MainProcess-2057168 JobStatusPoller-Timer-Thread-135599048055104-135599046538944 parsl.jobs.strategy:220 _general_strategy DEBUG: [Scaling executor HighThroughputExecutor] Executor 2 active tasks, 2 active slots, and 1/0 running/pending blocks
1775025883.035900 2026-04-01 01:44:43 MainProcess-2057168 JobStatusPoller-Timer-Thread-135599048055104-135599046538944 parsl.jobs.strategy:312 _general_strategy DEBUG: [Scaling executor HighThroughputExecutor] Strategy case 3: no changes necessary to current block load
1775025883.035968 2026-04-01 01:44:43 MainProcess-2057168 JobStatusPoller-Timer-Thread-135599048055104-135599046538944 parsl.process_loggers:27 wrapped DEBUG: Normal ending for _general_strategy on thread JobStatusPoller-Timer-Thread-135599048055104
1775025888.036690 2026-04-01 01:44:48 MainProcess-2057168 JobStatusPoller-Timer-Thread-135599048055104-135599046538944 parsl.executors.high_throughput.zmq_pipes:77 run DEBUG: Sending command client command
1775025888.037057 2026-04-01 01:44:48 MainProcess-2057168 JobStatusPoller-Timer-Thread-135599048055104-135599046538944 parsl.executors.high_throughput.zmq_pipes:104 run DEBUG: Receiving command client response
1775025888.038463 2026-04-01 01:44:48 MainProcess-2057168 JobStatusPoller-Timer-Thread-135599048055104-135599046538944 parsl.executors.high_throughput.zmq_pipes:106 run DEBUG: Received command client response
1775025888.038713 2026-04-01 01:44:48 MainProcess-2057168 JobStatusPoller-Timer-Thread-135599048055104-135599046538944 parsl.jobs.strategy:184 _general_strategy DEBUG: general strategy starting with strategy_type simple for 1 executors
1775025888.038796 2026-04-01 01:44:48 MainProcess-2057168 JobStatusPoller-Timer-Thread-135599048055104-135599046538944 parsl.jobs.strategy:194 _general_strategy DEBUG: [Scaling executor HighThroughputExecutor] Strategizing for executor
1775025888.038881 2026-04-01 01:44:48 MainProcess-2057168 JobStatusPoller-Timer-Thread-135599048055104-135599046538944 parsl.jobs.strategy:220 _general_strategy DEBUG: [Scaling executor HighThroughputExecutor] Executor 2 active tasks, 2 active slots, and 1/0 running/pending blocks
1775025888.038952 2026-04-01 01:44:48 MainProcess-2057168 JobStatusPoller-Timer-Thread-135599048055104-135599046538944 parsl.jobs.strategy:312 _general_strategy DEBUG: [Scaling executor HighThroughputExecutor] Strategy case 3: no changes necessary to current block load
1775025888.039005 2026-04-01 01:44:48 MainProcess-2057168 JobStatusPoller-Timer-Thread-135599048055104-135599046538944 parsl.process_loggers:27 wrapped DEBUG: Normal ending for _general_strategy on thread JobStatusPoller-Timer-Thread-135599048055104
1775025892.939617 2026-04-01 01:44:52 MainProcess-2057168 MainThread-135601756718912 parsl.dataflow.dflow:1090 atexit_cleanup WARNING: Python is exiting with a DFK still running. You should call parsl.dfk().cleanup() before exiting to release any resources
