1775026004.585991 2026-04-01 01:46:44 MainProcess-2057623 MainThread-135475767363392 parsl.dataflow.dflow:99 __init__ INFO: Starting DataFlowKernel with config
Config(
    dependency_resolver=None, 
    executors=(HighThroughputExecutor(
        address=None, 
        address_probe_timeout=None, 
        available_accelerators=[], 
        block_error_handler=<function simple_error_handler at 0x7b36499b56c0>, 
        cores_per_worker=1.0, 
        cpu_affinity='none', 
        drain_period=None, 
        encrypted=True, 
        heartbeat_period=30, 
        heartbeat_threshold=120, 
        interchange_launch_cmd=['interchange.py'], 
        interchange_port_range=(55000, 56000), 
        label='HighThroughputExecutor', 
        launch_cmd='process_worker_pool.py {debug} {max_workers_per_node} -a {addresses} -p {prefetch_capacity} -c {cores_per_worker} -m {mem_per_worker} --poll {poll_period} --port={worker_port} --cert_dir {cert_dir} --logdir={logdir} --block_id={{block_id}} --hb_period={heartbeat_period} {address_probe_timeout_string} --hb_threshold={heartbeat_threshold} --drain_period={drain_period} --cpu-affinity {cpu_affinity} {enable_mpi_mode} --mpi-launcher={mpi_launcher} --available-accelerators {accelerators}', 
        loopback_address='127.0.0.1', 
        manager_selector=<parsl.executors.high_throughput.manager_selector.RandomManagerSelector object at 0x7b3649b2d550>, 
        max_workers_per_node=2, 
        mem_per_worker=None, 
        poll_period=10, 
        prefetch_capacity=0, 
        provider=LocalProvider(
            cmd_timeout=30, 
            init_blocks=1, 
            launcher=SingleNodeLauncher(debug=True, fail_on_any=False), 
            max_blocks=1, 
            min_blocks=0, 
            nodes_per_block=1, 
            parallelism=1, 
            worker_init='cd /home/agueroudji/Work/mofa/academy/examples/07-mol-designconda activate ./mol-design;'
        ), 
        remote_monitoring_radio=HTEXRadio(), 
        storage_access=None, 
        worker_debug=False, 
        worker_logdir_root=None, 
        worker_port=None, 
        worker_port_range=(54000, 55000), 
        working_dir=None
    ),), 
    exit_mode='cleanup', 
    garbage_collect=True, 
    initialize_logging=True, 
    internal_tasks_max_threads=10, 
    max_idletime=120.0, 
    memoizer=None, 
    monitoring=None, 
    project_name=None, 
    retries=0, 
    retry_handler=None, 
    run_dir='runinfo', 
    std_autopath=None, 
    strategy='simple', 
    strategy_period=5, 
    usage_tracking=0
)
1775026004.586240 2026-04-01 01:46:44 MainProcess-2057623 MainThread-135475767363392 parsl.dataflow.dflow:101 __init__ INFO: Parsl version: 2026.03.23
1775026004.586367 2026-04-01 01:46:44 MainProcess-2057623 MainThread-135475767363392 parsl.usage_tracking.usage:119 __init__ DEBUG: Tracking level: 0
1775026004.586452 2026-04-01 01:46:44 MainProcess-2057623 MainThread-135475767363392 parsl.dataflow.dflow:124 __init__ INFO: Run id is: b2cbf5a9-5fbf-433f-b10f-b1b56c468b0a
1775026004.648386 2026-04-01 01:46:44 MainProcess-2057623 MainThread-135475767363392 parsl.dataflow.dflow:131 __init__ DEBUG: Considering candidate for workflow name: /home/agueroudji/miniconda3/envs/07/lib/python3.13/site-packages/parsl/dataflow/dflow.py
1775026004.648459 2026-04-01 01:46:44 MainProcess-2057623 MainThread-135475767363392 parsl.dataflow.dflow:131 __init__ DEBUG: Considering candidate for workflow name: /home/agueroudji/miniconda3/envs/07/lib/python3.13/site-packages/parsl/dataflow/dflow.py
1775026004.648483 2026-04-01 01:46:44 MainProcess-2057623 MainThread-135475767363392 parsl.dataflow.dflow:131 __init__ DEBUG: Considering candidate for workflow name: /home/agueroudji/miniconda3/envs/07/lib/python3.13/site-packages/parsl/concurrent/__init__.py
1775026004.648499 2026-04-01 01:46:44 MainProcess-2057623 MainThread-135475767363392 parsl.dataflow.dflow:131 __init__ DEBUG: Considering candidate for workflow name: /home/agueroudji/Work/mofa/academy/examples/07-mol-design/run-07.py
1775026004.648518 2026-04-01 01:46:44 MainProcess-2057623 MainThread-135475767363392 parsl.dataflow.dflow:137 __init__ DEBUG: Using run-07.py as workflow name
1775026004.648662 2026-04-01 01:46:44 MainProcess-2057623 MainThread-135475767363392 parsl.dataflow.memoization:335 start INFO: App caching initialized
1775026004.648716 2026-04-01 01:46:44 MainProcess-2057623 MainThread-135475767363392 parsl.jobs.strategy:145 __init__ DEBUG: Scaling strategy: simple
1775026004.649107 2026-04-01 01:46:44 MainProcess-2057623 JobStatusPoller-Timer-Thread-135473058846704-135473057105600 parsl.jobs.strategy:184 _general_strategy DEBUG: general strategy starting with strategy_type simple for 0 executors
1775026004.649415 2026-04-01 01:46:44 MainProcess-2057623 JobStatusPoller-Timer-Thread-135473058846704-135473057105600 parsl.process_loggers:27 wrapped DEBUG: Normal ending for _general_strategy on thread JobStatusPoller-Timer-Thread-135473058846704
1775026004.649520 2026-04-01 01:46:44 MainProcess-2057623 MainThread-135475767363392 parsl.executors.high_throughput.executor:440 start DEBUG: Creating CurveZMQ certificates
1775026004.651468 2026-04-01 01:46:44 MainProcess-2057623 MainThread-135475767363392 parsl.executors.high_throughput.executor:616 _start_result_queue_thread DEBUG: Starting result queue thread
1775026004.651783 2026-04-01 01:46:44 MainProcess-2057623 HTEX-Result-Queue-Thread-135472789579456 parsl.executors.high_throughput.executor:493 _result_queue_worker DEBUG: Result queue worker starting
1775026004.651863 2026-04-01 01:46:44 MainProcess-2057623 MainThread-135475767363392 parsl.executors.high_throughput.executor:620 _start_result_queue_thread DEBUG: Started result queue thread: <Thread(HTEX-Result-Queue-Thread, started daemon 135472789579456)>
1775026004.656037 2026-04-01 01:46:44 MainProcess-2057623 MainThread-135475767363392 parsl.executors.high_throughput.executor:592 _start_local_interchange_process DEBUG: Popened interchange process. Writing config object
1775026004.656108 2026-04-01 01:46:44 MainProcess-2057623 MainThread-135475767363392 parsl.executors.high_throughput.executor:596 _start_local_interchange_process DEBUG: Sent config object. Requesting worker ports
1775026004.656153 2026-04-01 01:46:44 MainProcess-2057623 MainThread-135475767363392 parsl.executors.high_throughput.zmq_pipes:77 run DEBUG: Sending command client command
1775026005.045022 2026-04-01 01:46:45 MainProcess-2057623 MainThread-135475767363392 parsl.executors.high_throughput.zmq_pipes:92 run DEBUG: Polling for command client response or timeout
1775026005.045360 2026-04-01 01:46:45 MainProcess-2057623 MainThread-135475767363392 parsl.executors.high_throughput.zmq_pipes:104 run DEBUG: Receiving command client response
1775026005.045413 2026-04-01 01:46:45 MainProcess-2057623 MainThread-135475767363392 parsl.executors.high_throughput.zmq_pipes:106 run DEBUG: Received command client response
1775026005.045437 2026-04-01 01:46:45 MainProcess-2057623 MainThread-135475767363392 parsl.executors.high_throughput.executor:602 _start_local_interchange_process DEBUG: Interchange process started (<Popen: returncode: None args: ['interchange.py']>).  Worker port: 54805
1775026005.045484 2026-04-01 01:46:45 MainProcess-2057623 MainThread-135475767363392 parsl.executors.high_throughput.executor:431 initialize_scaling DEBUG: Launch command: process_worker_pool.py  --max_workers_per_node=2 -a 127.0.0.1,172.16.10.1,192.168.1.65,172.18.0.1,172.19.0.1,172.17.0.1,130.202.232.189 -p 0 -c 1.0 -m None --poll 10 --port=54805 --cert_dir /home/agueroudji/Work/mofa/academy/examples/07-mol-design/runinfo/015/HighThroughputExecutor/certificates --logdir=/home/agueroudji/Work/mofa/academy/examples/07-mol-design/runinfo/015/HighThroughputExecutor --block_id={block_id} --hb_period=30  --hb_threshold=120 --drain_period=None --cpu-affinity none  --mpi-launcher=mpiexec --available-accelerators 
1775026005.045502 2026-04-01 01:46:45 MainProcess-2057623 MainThread-135475767363392 parsl.executors.high_throughput.executor:433 initialize_scaling DEBUG: Starting HighThroughputExecutor with provider:
LocalProvider(
    cmd_timeout=30, 
    init_blocks=1, 
    launcher=SingleNodeLauncher(debug=True, fail_on_any=False), 
    max_blocks=1, 
    min_blocks=0, 
    nodes_per_block=1, 
    parallelism=1, 
    worker_init='cd /home/agueroudji/Work/mofa/academy/examples/07-mol-designconda activate ./mol-design;'
)
1775026005.045846 2026-04-01 01:46:45 MainProcess-2057623 MainThread-135475767363392 parsl.jobs.job_status_poller:30 add_executors DEBUG: Adding executor HighThroughputExecutor
1775026005.051598 2026-04-01 01:46:45 MainProcess-2057623 MainThread-135475767363392 parsl.dataflow.dflow:942 submit DEBUG: Task 0 will be sent to executor HighThroughputExecutor
1775026005.051743 2026-04-01 01:46:45 MainProcess-2057623 MainThread-135475767363392 parsl.dataflow.dflow:750 _add_output_deps DEBUG: Adding output dependencies
1775026005.051813 2026-04-01 01:46:45 MainProcess-2057623 MainThread-135475767363392 parsl.dataflow.dflow:991 submit DEBUG: Added output dependencies
1775026005.051864 2026-04-01 01:46:45 MainProcess-2057623 MainThread-135475767363392 parsl.dataflow.dflow:1000 submit DEBUG: Gathering dependencies
1775026005.051975 2026-04-01 01:46:45 MainProcess-2057623 MainThread-135475767363392 parsl.dataflow.dflow:1003 submit DEBUG: Gathered dependencies
1775026005.052088 2026-04-01 01:46:45 MainProcess-2057623 MainThread-135475767363392 parsl.dataflow.dflow:1015 submit INFO: Task 0 submitted for App _run_agent_on_worker, not waiting on any dependency
1775026005.052205 2026-04-01 01:46:45 MainProcess-2057623 MainThread-135475767363392 parsl.dataflow.dflow:1019 submit DEBUG: Task 0 set to pending state with AppFuture: <AppFuture at 0x7b36478cbcb0 state=pending>
1775026005.052605 2026-04-01 01:46:45 MainProcess-2057623 Task-Launch_0-135472772794048 parsl.dataflow.memoization:379 check_memo DEBUG: Task 0 will not be memoized
1775026005.052978 2026-04-01 01:46:45 MainProcess-2057623 Task-Launch_0-135472772794048 parsl.executors.high_throughput.executor:703 submit DEBUG: Pushing function <function _run_agent_on_worker at 0x7b3647727ce0> to queue with args ("_RunSpec(agent=<class 'mol_design_agents.XTBSimulationAgent'>, config=RuntimeConfig(cancel_actions_o...",)
1775026005.055585 2026-04-01 01:46:45 MainProcess-2057623 Task-Launch_0-135472772794048 parsl.executors.high_throughput.zmq_pipes:148 put DEBUG: Sending TasksOutgoing message
1775026005.055879 2026-04-01 01:46:45 MainProcess-2057623 Task-Launch_0-135472772794048 parsl.executors.high_throughput.zmq_pipes:150 put DEBUG: Sent TasksOutgoing message
1775026005.055988 2026-04-01 01:46:45 MainProcess-2057623 Task-Launch_0-135472772794048 parsl.dataflow.dflow:703 launch_task INFO: Parsl task 0 try 0 launched on executor HighThroughputExecutor with executor id 1
1775026005.056084 2026-04-01 01:46:45 MainProcess-2057623 Task-Launch_0-135472772794048 parsl.dataflow.dflow:1199 log_std_stream INFO: Standard out for task 0 will not be redirected.
1775026005.056221 2026-04-01 01:46:45 MainProcess-2057623 Task-Launch_0-135472772794048 parsl.dataflow.dflow:1199 log_std_stream INFO: Standard error for task 0 will not be redirected.
1775026005.056474 2026-04-01 01:46:45 MainProcess-2057623 Task-Launch_0-135472772794048 parsl.process_loggers:27 wrapped DEBUG: Normal ending for _launch_if_ready_async on thread Task-Launch_0
1775026005.057022 2026-04-01 01:46:45 MainProcess-2057623 MainThread-135475767363392 parsl.dataflow.dflow:942 submit DEBUG: Task 1 will be sent to executor HighThroughputExecutor
1775026005.057133 2026-04-01 01:46:45 MainProcess-2057623 MainThread-135475767363392 parsl.dataflow.dflow:750 _add_output_deps DEBUG: Adding output dependencies
1775026005.057206 2026-04-01 01:46:45 MainProcess-2057623 MainThread-135475767363392 parsl.dataflow.dflow:991 submit DEBUG: Added output dependencies
1775026005.057258 2026-04-01 01:46:45 MainProcess-2057623 MainThread-135475767363392 parsl.dataflow.dflow:1000 submit DEBUG: Gathering dependencies
1775026005.057308 2026-04-01 01:46:45 MainProcess-2057623 MainThread-135475767363392 parsl.dataflow.dflow:1003 submit DEBUG: Gathered dependencies
1775026005.057350 2026-04-01 01:46:45 MainProcess-2057623 MainThread-135475767363392 parsl.dataflow.dflow:1015 submit INFO: Task 1 submitted for App _run_agent_on_worker, not waiting on any dependency
1775026005.057436 2026-04-01 01:46:45 MainProcess-2057623 MainThread-135475767363392 parsl.dataflow.dflow:1019 submit DEBUG: Task 1 set to pending state with AppFuture: <AppFuture at 0x7b36478c7750 state=pending>
1775026005.057664 2026-04-01 01:46:45 MainProcess-2057623 Task-Launch_0-135472772794048 parsl.dataflow.memoization:379 check_memo DEBUG: Task 1 will not be memoized
1775026005.057799 2026-04-01 01:46:45 MainProcess-2057623 Task-Launch_0-135472772794048 parsl.executors.high_throughput.executor:703 submit DEBUG: Pushing function <function _run_agent_on_worker at 0x7b3647727ce0> to queue with args ("_RunSpec(agent=<class 'mol_design_agents.XTBSimulationAgent'>, config=RuntimeConfig(cancel_actions_o...",)
1775026005.058649 2026-04-01 01:46:45 MainProcess-2057623 Task-Launch_0-135472772794048 parsl.executors.high_throughput.zmq_pipes:148 put DEBUG: Sending TasksOutgoing message
1775026005.059002 2026-04-01 01:46:45 MainProcess-2057623 Task-Launch_0-135472772794048 parsl.executors.high_throughput.zmq_pipes:150 put DEBUG: Sent TasksOutgoing message
1775026005.059075 2026-04-01 01:46:45 MainProcess-2057623 Task-Launch_0-135472772794048 parsl.dataflow.dflow:703 launch_task INFO: Parsl task 1 try 0 launched on executor HighThroughputExecutor with executor id 2
1775026005.059161 2026-04-01 01:46:45 MainProcess-2057623 Task-Launch_0-135472772794048 parsl.dataflow.dflow:1199 log_std_stream INFO: Standard out for task 1 will not be redirected.
1775026005.059236 2026-04-01 01:46:45 MainProcess-2057623 Task-Launch_0-135472772794048 parsl.dataflow.dflow:1199 log_std_stream INFO: Standard error for task 1 will not be redirected.
1775026005.059308 2026-04-01 01:46:45 MainProcess-2057623 Task-Launch_0-135472772794048 parsl.process_loggers:27 wrapped DEBUG: Normal ending for _launch_if_ready_async on thread Task-Launch_0
1775026009.649623 2026-04-01 01:46:49 MainProcess-2057623 JobStatusPoller-Timer-Thread-135473058846704-135473057105600 parsl.executors.high_throughput.zmq_pipes:77 run DEBUG: Sending command client command
1775026009.649753 2026-04-01 01:46:49 MainProcess-2057623 JobStatusPoller-Timer-Thread-135473058846704-135473057105600 parsl.executors.high_throughput.zmq_pipes:104 run DEBUG: Receiving command client response
1775026009.650515 2026-04-01 01:46:49 MainProcess-2057623 JobStatusPoller-Timer-Thread-135473058846704-135473057105600 parsl.executors.high_throughput.zmq_pipes:106 run DEBUG: Received command client response
1775026009.650588 2026-04-01 01:46:49 MainProcess-2057623 JobStatusPoller-Timer-Thread-135473058846704-135473057105600 parsl.jobs.strategy:184 _general_strategy DEBUG: general strategy starting with strategy_type simple for 1 executors
1775026009.650613 2026-04-01 01:46:49 MainProcess-2057623 JobStatusPoller-Timer-Thread-135473058846704-135473057105600 parsl.jobs.strategy:194 _general_strategy DEBUG: [Scaling executor HighThroughputExecutor] Strategizing for executor
1775026009.650800 2026-04-01 01:46:49 MainProcess-2057623 JobStatusPoller-Timer-Thread-135473058846704-135473057105600 parsl.jobs.strategy:197 _general_strategy DEBUG: [Scaling executor HighThroughputExecutor] Scaling out 1 initial blocks
1775026009.650825 2026-04-01 01:46:49 MainProcess-2057623 JobStatusPoller-Timer-Thread-135473058846704-135473057105600 parsl.executors.status_handling:207 scale_out_facade INFO: [Scaling executor HighThroughputExecutor] Scaling out by 1 blocks
1775026009.650865 2026-04-01 01:46:49 MainProcess-2057623 JobStatusPoller-Timer-Thread-135473058846704-135473057105600 parsl.executors.status_handling:210 scale_out_facade INFO: [Scaling executor HighThroughputExecutor] Allocated block ID 0
1775026009.650895 2026-04-01 01:46:49 MainProcess-2057623 JobStatusPoller-Timer-Thread-135473058846704-135473057105600 parsl.executors.status_handling:265 _launch_block DEBUG: [Scaling executor HighThroughputExecutor] Submitting to provider with job_name parsl.HighThroughputExecutor.block-0
1775026009.651036 2026-04-01 01:46:49 MainProcess-2057623 JobStatusPoller-Timer-Thread-135473058846704-135473057105600 parsl.providers.local.local:208 submit DEBUG: Launching
1775026009.651060 2026-04-01 01:46:49 MainProcess-2057623 JobStatusPoller-Timer-Thread-135473058846704-135473057105600 parsl.utils:498 execute_wait DEBUG: Creating process with command '/bin/bash -c 'echo - >/home/agueroudji/Work/mofa/academy/examples/07-mol-design/runinfo/015/submit_scripts/parsl.HighThroughputExecutor.block-0.1775026009.650917.sh.ec && { { bash /home/agueroudji/Work/mofa/academy/examples/07-mol-design/runinfo/015/submit_scripts/parsl.HighThroughputExecutor.block-0.1775026009.650917.sh 1>/home/agueroudji/Work/mofa/academy/examples/07-mol-design/runinfo/015/submit_scripts/parsl.HighThroughputExecutor.block-0.1775026009.650917.sh.out 2>/home/agueroudji/Work/mofa/academy/examples/07-mol-design/runinfo/015/submit_scripts/parsl.HighThroughputExecutor.block-0.1775026009.650917.sh.err ; echo $? > /home/agueroudji/Work/mofa/academy/examples/07-mol-design/runinfo/015/submit_scripts/parsl.HighThroughputExecutor.block-0.1775026009.650917.sh.ec ; } >/dev/null 2>&1 & echo "PID:$!" ; }''
1775026009.665363 2026-04-01 01:46:49 MainProcess-2057623 JobStatusPoller-Timer-Thread-135473058846704-135473057105600 parsl.utils:506 execute_wait DEBUG: Created process with pid 2057662. Performing communicate
1775026009.667840 2026-04-01 01:46:49 MainProcess-2057623 JobStatusPoller-Timer-Thread-135473058846704-135473057105600 parsl.utils:509 execute_wait DEBUG: Process 2057662 returned 0
1775026009.667928 2026-04-01 01:46:49 MainProcess-2057623 JobStatusPoller-Timer-Thread-135473058846704-135473057105600 parsl.utils:515 execute_wait DEBUG: Execution of command in process 2057662 completed normally
1775026009.668058 2026-04-01 01:46:49 MainProcess-2057623 JobStatusPoller-Timer-Thread-135473058846704-135473057105600 parsl.executors.status_handling:268 _launch_block DEBUG: [Scaling executor HighThroughputExecutor] Launched block 0 with job ID 2057664
1775026009.668170 2026-04-01 01:46:49 MainProcess-2057623 JobStatusPoller-Timer-Thread-135473058846704-135473057105600 parsl.jobs.strategy:220 _general_strategy DEBUG: [Scaling executor HighThroughputExecutor] Executor 2 active tasks, 2 active slots, and 0/1 running/pending blocks
1775026009.668356 2026-04-01 01:46:49 MainProcess-2057623 JobStatusPoller-Timer-Thread-135473058846704-135473057105600 parsl.jobs.strategy:312 _general_strategy DEBUG: [Scaling executor HighThroughputExecutor] Strategy case 3: no changes necessary to current block load
1775026009.668402 2026-04-01 01:46:49 MainProcess-2057623 JobStatusPoller-Timer-Thread-135473058846704-135473057105600 parsl.process_loggers:27 wrapped DEBUG: Normal ending for _general_strategy on thread JobStatusPoller-Timer-Thread-135473058846704
1775026014.669179 2026-04-01 01:46:54 MainProcess-2057623 JobStatusPoller-Timer-Thread-135473058846704-135473057105600 parsl.executors.high_throughput.zmq_pipes:77 run DEBUG: Sending command client command
1775026014.669502 2026-04-01 01:46:54 MainProcess-2057623 JobStatusPoller-Timer-Thread-135473058846704-135473057105600 parsl.executors.high_throughput.zmq_pipes:104 run DEBUG: Receiving command client response
1775026014.670814 2026-04-01 01:46:54 MainProcess-2057623 JobStatusPoller-Timer-Thread-135473058846704-135473057105600 parsl.executors.high_throughput.zmq_pipes:106 run DEBUG: Received command client response
1775026014.671041 2026-04-01 01:46:54 MainProcess-2057623 JobStatusPoller-Timer-Thread-135473058846704-135473057105600 parsl.jobs.strategy:184 _general_strategy DEBUG: general strategy starting with strategy_type simple for 1 executors
1775026014.671118 2026-04-01 01:46:54 MainProcess-2057623 JobStatusPoller-Timer-Thread-135473058846704-135473057105600 parsl.jobs.strategy:194 _general_strategy DEBUG: [Scaling executor HighThroughputExecutor] Strategizing for executor
1775026014.671212 2026-04-01 01:46:54 MainProcess-2057623 JobStatusPoller-Timer-Thread-135473058846704-135473057105600 parsl.jobs.strategy:220 _general_strategy DEBUG: [Scaling executor HighThroughputExecutor] Executor 2 active tasks, 2 active slots, and 1/0 running/pending blocks
1775026014.671290 2026-04-01 01:46:54 MainProcess-2057623 JobStatusPoller-Timer-Thread-135473058846704-135473057105600 parsl.jobs.strategy:312 _general_strategy DEBUG: [Scaling executor HighThroughputExecutor] Strategy case 3: no changes necessary to current block load
1775026014.671338 2026-04-01 01:46:54 MainProcess-2057623 JobStatusPoller-Timer-Thread-135473058846704-135473057105600 parsl.process_loggers:27 wrapped DEBUG: Normal ending for _general_strategy on thread JobStatusPoller-Timer-Thread-135473058846704
1775026019.672033 2026-04-01 01:46:59 MainProcess-2057623 JobStatusPoller-Timer-Thread-135473058846704-135473057105600 parsl.executors.high_throughput.zmq_pipes:77 run DEBUG: Sending command client command
1775026019.672425 2026-04-01 01:46:59 MainProcess-2057623 JobStatusPoller-Timer-Thread-135473058846704-135473057105600 parsl.executors.high_throughput.zmq_pipes:104 run DEBUG: Receiving command client response
1775026019.674273 2026-04-01 01:46:59 MainProcess-2057623 JobStatusPoller-Timer-Thread-135473058846704-135473057105600 parsl.executors.high_throughput.zmq_pipes:106 run DEBUG: Received command client response
1775026019.674613 2026-04-01 01:46:59 MainProcess-2057623 JobStatusPoller-Timer-Thread-135473058846704-135473057105600 parsl.jobs.strategy:184 _general_strategy DEBUG: general strategy starting with strategy_type simple for 1 executors
1775026019.674739 2026-04-01 01:46:59 MainProcess-2057623 JobStatusPoller-Timer-Thread-135473058846704-135473057105600 parsl.jobs.strategy:194 _general_strategy DEBUG: [Scaling executor HighThroughputExecutor] Strategizing for executor
1775026019.674869 2026-04-01 01:46:59 MainProcess-2057623 JobStatusPoller-Timer-Thread-135473058846704-135473057105600 parsl.jobs.strategy:220 _general_strategy DEBUG: [Scaling executor HighThroughputExecutor] Executor 2 active tasks, 2 active slots, and 1/0 running/pending blocks
1775026019.674982 2026-04-01 01:46:59 MainProcess-2057623 JobStatusPoller-Timer-Thread-135473058846704-135473057105600 parsl.jobs.strategy:312 _general_strategy DEBUG: [Scaling executor HighThroughputExecutor] Strategy case 3: no changes necessary to current block load
1775026019.675081 2026-04-01 01:46:59 MainProcess-2057623 JobStatusPoller-Timer-Thread-135473058846704-135473057105600 parsl.process_loggers:27 wrapped DEBUG: Normal ending for _general_strategy on thread JobStatusPoller-Timer-Thread-135473058846704
1775026024.675524 2026-04-01 01:47:04 MainProcess-2057623 JobStatusPoller-Timer-Thread-135473058846704-135473057105600 parsl.executors.high_throughput.zmq_pipes:77 run DEBUG: Sending command client command
1775026024.675706 2026-04-01 01:47:04 MainProcess-2057623 JobStatusPoller-Timer-Thread-135473058846704-135473057105600 parsl.executors.high_throughput.zmq_pipes:104 run DEBUG: Receiving command client response
1775026024.676517 2026-04-01 01:47:04 MainProcess-2057623 JobStatusPoller-Timer-Thread-135473058846704-135473057105600 parsl.executors.high_throughput.zmq_pipes:106 run DEBUG: Received command client response
1775026024.676613 2026-04-01 01:47:04 MainProcess-2057623 JobStatusPoller-Timer-Thread-135473058846704-135473057105600 parsl.jobs.strategy:184 _general_strategy DEBUG: general strategy starting with strategy_type simple for 1 executors
1775026024.676669 2026-04-01 01:47:04 MainProcess-2057623 JobStatusPoller-Timer-Thread-135473058846704-135473057105600 parsl.jobs.strategy:194 _general_strategy DEBUG: [Scaling executor HighThroughputExecutor] Strategizing for executor
1775026024.676732 2026-04-01 01:47:04 MainProcess-2057623 JobStatusPoller-Timer-Thread-135473058846704-135473057105600 parsl.jobs.strategy:220 _general_strategy DEBUG: [Scaling executor HighThroughputExecutor] Executor 2 active tasks, 2 active slots, and 1/0 running/pending blocks
1775026024.676790 2026-04-01 01:47:04 MainProcess-2057623 JobStatusPoller-Timer-Thread-135473058846704-135473057105600 parsl.jobs.strategy:312 _general_strategy DEBUG: [Scaling executor HighThroughputExecutor] Strategy case 3: no changes necessary to current block load
1775026024.676857 2026-04-01 01:47:04 MainProcess-2057623 JobStatusPoller-Timer-Thread-135473058846704-135473057105600 parsl.process_loggers:27 wrapped DEBUG: Normal ending for _general_strategy on thread JobStatusPoller-Timer-Thread-135473058846704
1775026029.677185 2026-04-01 01:47:09 MainProcess-2057623 JobStatusPoller-Timer-Thread-135473058846704-135473057105600 parsl.executors.high_throughput.zmq_pipes:77 run DEBUG: Sending command client command
1775026029.677341 2026-04-01 01:47:09 MainProcess-2057623 JobStatusPoller-Timer-Thread-135473058846704-135473057105600 parsl.executors.high_throughput.zmq_pipes:104 run DEBUG: Receiving command client response
1775026029.677793 2026-04-01 01:47:09 MainProcess-2057623 JobStatusPoller-Timer-Thread-135473058846704-135473057105600 parsl.executors.high_throughput.zmq_pipes:106 run DEBUG: Received command client response
1775026029.677869 2026-04-01 01:47:09 MainProcess-2057623 JobStatusPoller-Timer-Thread-135473058846704-135473057105600 parsl.jobs.strategy:184 _general_strategy DEBUG: general strategy starting with strategy_type simple for 1 executors
1775026029.677915 2026-04-01 01:47:09 MainProcess-2057623 JobStatusPoller-Timer-Thread-135473058846704-135473057105600 parsl.jobs.strategy:194 _general_strategy DEBUG: [Scaling executor HighThroughputExecutor] Strategizing for executor
1775026029.677966 2026-04-01 01:47:09 MainProcess-2057623 JobStatusPoller-Timer-Thread-135473058846704-135473057105600 parsl.jobs.strategy:220 _general_strategy DEBUG: [Scaling executor HighThroughputExecutor] Executor 2 active tasks, 2 active slots, and 1/0 running/pending blocks
1775026029.678018 2026-04-01 01:47:09 MainProcess-2057623 JobStatusPoller-Timer-Thread-135473058846704-135473057105600 parsl.jobs.strategy:312 _general_strategy DEBUG: [Scaling executor HighThroughputExecutor] Strategy case 3: no changes necessary to current block load
1775026029.678060 2026-04-01 01:47:09 MainProcess-2057623 JobStatusPoller-Timer-Thread-135473058846704-135473057105600 parsl.process_loggers:27 wrapped DEBUG: Normal ending for _general_strategy on thread JobStatusPoller-Timer-Thread-135473058846704
1775026034.678403 2026-04-01 01:47:14 MainProcess-2057623 JobStatusPoller-Timer-Thread-135473058846704-135473057105600 parsl.executors.high_throughput.zmq_pipes:77 run DEBUG: Sending command client command
1775026034.678575 2026-04-01 01:47:14 MainProcess-2057623 JobStatusPoller-Timer-Thread-135473058846704-135473057105600 parsl.executors.high_throughput.zmq_pipes:104 run DEBUG: Receiving command client response
1775026034.679430 2026-04-01 01:47:14 MainProcess-2057623 JobStatusPoller-Timer-Thread-135473058846704-135473057105600 parsl.executors.high_throughput.zmq_pipes:106 run DEBUG: Received command client response
1775026034.679545 2026-04-01 01:47:14 MainProcess-2057623 JobStatusPoller-Timer-Thread-135473058846704-135473057105600 parsl.jobs.strategy:184 _general_strategy DEBUG: general strategy starting with strategy_type simple for 1 executors
1775026034.679600 2026-04-01 01:47:14 MainProcess-2057623 JobStatusPoller-Timer-Thread-135473058846704-135473057105600 parsl.jobs.strategy:194 _general_strategy DEBUG: [Scaling executor HighThroughputExecutor] Strategizing for executor
1775026034.679660 2026-04-01 01:47:14 MainProcess-2057623 JobStatusPoller-Timer-Thread-135473058846704-135473057105600 parsl.jobs.strategy:220 _general_strategy DEBUG: [Scaling executor HighThroughputExecutor] Executor 2 active tasks, 2 active slots, and 1/0 running/pending blocks
1775026034.679723 2026-04-01 01:47:14 MainProcess-2057623 JobStatusPoller-Timer-Thread-135473058846704-135473057105600 parsl.jobs.strategy:312 _general_strategy DEBUG: [Scaling executor HighThroughputExecutor] Strategy case 3: no changes necessary to current block load
1775026034.679770 2026-04-01 01:47:14 MainProcess-2057623 JobStatusPoller-Timer-Thread-135473058846704-135473057105600 parsl.process_loggers:27 wrapped DEBUG: Normal ending for _general_strategy on thread JobStatusPoller-Timer-Thread-135473058846704
1775026039.680221 2026-04-01 01:47:19 MainProcess-2057623 JobStatusPoller-Timer-Thread-135473058846704-135473057105600 parsl.executors.high_throughput.zmq_pipes:77 run DEBUG: Sending command client command
1775026039.680372 2026-04-01 01:47:19 MainProcess-2057623 JobStatusPoller-Timer-Thread-135473058846704-135473057105600 parsl.executors.high_throughput.zmq_pipes:104 run DEBUG: Receiving command client response
1775026039.681218 2026-04-01 01:47:19 MainProcess-2057623 JobStatusPoller-Timer-Thread-135473058846704-135473057105600 parsl.executors.high_throughput.zmq_pipes:106 run DEBUG: Received command client response
1775026039.681358 2026-04-01 01:47:19 MainProcess-2057623 JobStatusPoller-Timer-Thread-135473058846704-135473057105600 parsl.jobs.strategy:184 _general_strategy DEBUG: general strategy starting with strategy_type simple for 1 executors
1775026039.681409 2026-04-01 01:47:19 MainProcess-2057623 JobStatusPoller-Timer-Thread-135473058846704-135473057105600 parsl.jobs.strategy:194 _general_strategy DEBUG: [Scaling executor HighThroughputExecutor] Strategizing for executor
1775026039.681470 2026-04-01 01:47:19 MainProcess-2057623 JobStatusPoller-Timer-Thread-135473058846704-135473057105600 parsl.jobs.strategy:220 _general_strategy DEBUG: [Scaling executor HighThroughputExecutor] Executor 2 active tasks, 2 active slots, and 1/0 running/pending blocks
1775026039.681530 2026-04-01 01:47:19 MainProcess-2057623 JobStatusPoller-Timer-Thread-135473058846704-135473057105600 parsl.jobs.strategy:312 _general_strategy DEBUG: [Scaling executor HighThroughputExecutor] Strategy case 3: no changes necessary to current block load
1775026039.681574 2026-04-01 01:47:19 MainProcess-2057623 JobStatusPoller-Timer-Thread-135473058846704-135473057105600 parsl.process_loggers:27 wrapped DEBUG: Normal ending for _general_strategy on thread JobStatusPoller-Timer-Thread-135473058846704
1775026044.681917 2026-04-01 01:47:24 MainProcess-2057623 JobStatusPoller-Timer-Thread-135473058846704-135473057105600 parsl.executors.high_throughput.zmq_pipes:77 run DEBUG: Sending command client command
1775026044.682076 2026-04-01 01:47:24 MainProcess-2057623 JobStatusPoller-Timer-Thread-135473058846704-135473057105600 parsl.executors.high_throughput.zmq_pipes:104 run DEBUG: Receiving command client response
1775026044.682723 2026-04-01 01:47:24 MainProcess-2057623 JobStatusPoller-Timer-Thread-135473058846704-135473057105600 parsl.executors.high_throughput.zmq_pipes:106 run DEBUG: Received command client response
1775026044.682830 2026-04-01 01:47:24 MainProcess-2057623 JobStatusPoller-Timer-Thread-135473058846704-135473057105600 parsl.jobs.strategy:184 _general_strategy DEBUG: general strategy starting with strategy_type simple for 1 executors
1775026044.682887 2026-04-01 01:47:24 MainProcess-2057623 JobStatusPoller-Timer-Thread-135473058846704-135473057105600 parsl.jobs.strategy:194 _general_strategy DEBUG: [Scaling executor HighThroughputExecutor] Strategizing for executor
1775026044.682947 2026-04-01 01:47:24 MainProcess-2057623 JobStatusPoller-Timer-Thread-135473058846704-135473057105600 parsl.jobs.strategy:220 _general_strategy DEBUG: [Scaling executor HighThroughputExecutor] Executor 2 active tasks, 2 active slots, and 1/0 running/pending blocks
1775026044.682998 2026-04-01 01:47:24 MainProcess-2057623 JobStatusPoller-Timer-Thread-135473058846704-135473057105600 parsl.jobs.strategy:312 _general_strategy DEBUG: [Scaling executor HighThroughputExecutor] Strategy case 3: no changes necessary to current block load
1775026044.683042 2026-04-01 01:47:24 MainProcess-2057623 JobStatusPoller-Timer-Thread-135473058846704-135473057105600 parsl.process_loggers:27 wrapped DEBUG: Normal ending for _general_strategy on thread JobStatusPoller-Timer-Thread-135473058846704
1775026049.683373 2026-04-01 01:47:29 MainProcess-2057623 JobStatusPoller-Timer-Thread-135473058846704-135473057105600 parsl.executors.high_throughput.zmq_pipes:77 run DEBUG: Sending command client command
1775026049.683514 2026-04-01 01:47:29 MainProcess-2057623 JobStatusPoller-Timer-Thread-135473058846704-135473057105600 parsl.executors.high_throughput.zmq_pipes:104 run DEBUG: Receiving command client response
1775026049.684412 2026-04-01 01:47:29 MainProcess-2057623 JobStatusPoller-Timer-Thread-135473058846704-135473057105600 parsl.executors.high_throughput.zmq_pipes:106 run DEBUG: Received command client response
1775026049.684543 2026-04-01 01:47:29 MainProcess-2057623 JobStatusPoller-Timer-Thread-135473058846704-135473057105600 parsl.jobs.strategy:184 _general_strategy DEBUG: general strategy starting with strategy_type simple for 1 executors
1775026049.684589 2026-04-01 01:47:29 MainProcess-2057623 JobStatusPoller-Timer-Thread-135473058846704-135473057105600 parsl.jobs.strategy:194 _general_strategy DEBUG: [Scaling executor HighThroughputExecutor] Strategizing for executor
1775026049.684640 2026-04-01 01:47:29 MainProcess-2057623 JobStatusPoller-Timer-Thread-135473058846704-135473057105600 parsl.jobs.strategy:220 _general_strategy DEBUG: [Scaling executor HighThroughputExecutor] Executor 2 active tasks, 2 active slots, and 1/0 running/pending blocks
1775026049.684685 2026-04-01 01:47:29 MainProcess-2057623 JobStatusPoller-Timer-Thread-135473058846704-135473057105600 parsl.jobs.strategy:312 _general_strategy DEBUG: [Scaling executor HighThroughputExecutor] Strategy case 3: no changes necessary to current block load
1775026049.684724 2026-04-01 01:47:29 MainProcess-2057623 JobStatusPoller-Timer-Thread-135473058846704-135473057105600 parsl.process_loggers:27 wrapped DEBUG: Normal ending for _general_strategy on thread JobStatusPoller-Timer-Thread-135473058846704
1775026054.685191 2026-04-01 01:47:34 MainProcess-2057623 JobStatusPoller-Timer-Thread-135473058846704-135473057105600 parsl.executors.high_throughput.zmq_pipes:77 run DEBUG: Sending command client command
1775026054.685348 2026-04-01 01:47:34 MainProcess-2057623 JobStatusPoller-Timer-Thread-135473058846704-135473057105600 parsl.executors.high_throughput.zmq_pipes:104 run DEBUG: Receiving command client response
1775026054.686400 2026-04-01 01:47:34 MainProcess-2057623 JobStatusPoller-Timer-Thread-135473058846704-135473057105600 parsl.executors.high_throughput.zmq_pipes:106 run DEBUG: Received command client response
1775026054.686559 2026-04-01 01:47:34 MainProcess-2057623 JobStatusPoller-Timer-Thread-135473058846704-135473057105600 parsl.jobs.strategy:184 _general_strategy DEBUG: general strategy starting with strategy_type simple for 1 executors
1775026054.686615 2026-04-01 01:47:34 MainProcess-2057623 JobStatusPoller-Timer-Thread-135473058846704-135473057105600 parsl.jobs.strategy:194 _general_strategy DEBUG: [Scaling executor HighThroughputExecutor] Strategizing for executor
1775026054.686676 2026-04-01 01:47:34 MainProcess-2057623 JobStatusPoller-Timer-Thread-135473058846704-135473057105600 parsl.jobs.strategy:220 _general_strategy DEBUG: [Scaling executor HighThroughputExecutor] Executor 2 active tasks, 2 active slots, and 1/0 running/pending blocks
1775026054.686730 2026-04-01 01:47:34 MainProcess-2057623 JobStatusPoller-Timer-Thread-135473058846704-135473057105600 parsl.jobs.strategy:312 _general_strategy DEBUG: [Scaling executor HighThroughputExecutor] Strategy case 3: no changes necessary to current block load
1775026054.686777 2026-04-01 01:47:34 MainProcess-2057623 JobStatusPoller-Timer-Thread-135473058846704-135473057105600 parsl.process_loggers:27 wrapped DEBUG: Normal ending for _general_strategy on thread JobStatusPoller-Timer-Thread-135473058846704
1775026059.687084 2026-04-01 01:47:39 MainProcess-2057623 JobStatusPoller-Timer-Thread-135473058846704-135473057105600 parsl.executors.high_throughput.zmq_pipes:77 run DEBUG: Sending command client command
1775026059.687243 2026-04-01 01:47:39 MainProcess-2057623 JobStatusPoller-Timer-Thread-135473058846704-135473057105600 parsl.executors.high_throughput.zmq_pipes:104 run DEBUG: Receiving command client response
1775026059.688167 2026-04-01 01:47:39 MainProcess-2057623 JobStatusPoller-Timer-Thread-135473058846704-135473057105600 parsl.executors.high_throughput.zmq_pipes:106 run DEBUG: Received command client response
1775026059.688319 2026-04-01 01:47:39 MainProcess-2057623 JobStatusPoller-Timer-Thread-135473058846704-135473057105600 parsl.jobs.strategy:184 _general_strategy DEBUG: general strategy starting with strategy_type simple for 1 executors
1775026059.688370 2026-04-01 01:47:39 MainProcess-2057623 JobStatusPoller-Timer-Thread-135473058846704-135473057105600 parsl.jobs.strategy:194 _general_strategy DEBUG: [Scaling executor HighThroughputExecutor] Strategizing for executor
1775026059.688424 2026-04-01 01:47:39 MainProcess-2057623 JobStatusPoller-Timer-Thread-135473058846704-135473057105600 parsl.jobs.strategy:220 _general_strategy DEBUG: [Scaling executor HighThroughputExecutor] Executor 2 active tasks, 2 active slots, and 1/0 running/pending blocks
1775026059.688472 2026-04-01 01:47:39 MainProcess-2057623 JobStatusPoller-Timer-Thread-135473058846704-135473057105600 parsl.jobs.strategy:312 _general_strategy DEBUG: [Scaling executor HighThroughputExecutor] Strategy case 3: no changes necessary to current block load
1775026059.688513 2026-04-01 01:47:39 MainProcess-2057623 JobStatusPoller-Timer-Thread-135473058846704-135473057105600 parsl.process_loggers:27 wrapped DEBUG: Normal ending for _general_strategy on thread JobStatusPoller-Timer-Thread-135473058846704
1775026064.688829 2026-04-01 01:47:44 MainProcess-2057623 JobStatusPoller-Timer-Thread-135473058846704-135473057105600 parsl.executors.high_throughput.zmq_pipes:77 run DEBUG: Sending command client command
1775026064.688973 2026-04-01 01:47:44 MainProcess-2057623 JobStatusPoller-Timer-Thread-135473058846704-135473057105600 parsl.executors.high_throughput.zmq_pipes:104 run DEBUG: Receiving command client response
1775026064.689871 2026-04-01 01:47:44 MainProcess-2057623 JobStatusPoller-Timer-Thread-135473058846704-135473057105600 parsl.executors.high_throughput.zmq_pipes:106 run DEBUG: Received command client response
1775026064.690008 2026-04-01 01:47:44 MainProcess-2057623 JobStatusPoller-Timer-Thread-135473058846704-135473057105600 parsl.jobs.strategy:184 _general_strategy DEBUG: general strategy starting with strategy_type simple for 1 executors
1775026064.690058 2026-04-01 01:47:44 MainProcess-2057623 JobStatusPoller-Timer-Thread-135473058846704-135473057105600 parsl.jobs.strategy:194 _general_strategy DEBUG: [Scaling executor HighThroughputExecutor] Strategizing for executor
1775026064.690113 2026-04-01 01:47:44 MainProcess-2057623 JobStatusPoller-Timer-Thread-135473058846704-135473057105600 parsl.jobs.strategy:220 _general_strategy DEBUG: [Scaling executor HighThroughputExecutor] Executor 2 active tasks, 2 active slots, and 1/0 running/pending blocks
1775026064.690173 2026-04-01 01:47:44 MainProcess-2057623 JobStatusPoller-Timer-Thread-135473058846704-135473057105600 parsl.jobs.strategy:312 _general_strategy DEBUG: [Scaling executor HighThroughputExecutor] Strategy case 3: no changes necessary to current block load
1775026064.690215 2026-04-01 01:47:44 MainProcess-2057623 JobStatusPoller-Timer-Thread-135473058846704-135473057105600 parsl.process_loggers:27 wrapped DEBUG: Normal ending for _general_strategy on thread JobStatusPoller-Timer-Thread-135473058846704
1775026069.690592 2026-04-01 01:47:49 MainProcess-2057623 JobStatusPoller-Timer-Thread-135473058846704-135473057105600 parsl.executors.high_throughput.zmq_pipes:77 run DEBUG: Sending command client command
1775026069.690745 2026-04-01 01:47:49 MainProcess-2057623 JobStatusPoller-Timer-Thread-135473058846704-135473057105600 parsl.executors.high_throughput.zmq_pipes:104 run DEBUG: Receiving command client response
1775026069.691888 2026-04-01 01:47:49 MainProcess-2057623 JobStatusPoller-Timer-Thread-135473058846704-135473057105600 parsl.executors.high_throughput.zmq_pipes:106 run DEBUG: Received command client response
1775026069.692039 2026-04-01 01:47:49 MainProcess-2057623 JobStatusPoller-Timer-Thread-135473058846704-135473057105600 parsl.jobs.strategy:184 _general_strategy DEBUG: general strategy starting with strategy_type simple for 1 executors
1775026069.692101 2026-04-01 01:47:49 MainProcess-2057623 JobStatusPoller-Timer-Thread-135473058846704-135473057105600 parsl.jobs.strategy:194 _general_strategy DEBUG: [Scaling executor HighThroughputExecutor] Strategizing for executor
1775026069.692171 2026-04-01 01:47:49 MainProcess-2057623 JobStatusPoller-Timer-Thread-135473058846704-135473057105600 parsl.jobs.strategy:220 _general_strategy DEBUG: [Scaling executor HighThroughputExecutor] Executor 2 active tasks, 2 active slots, and 1/0 running/pending blocks
1775026069.692220 2026-04-01 01:47:49 MainProcess-2057623 JobStatusPoller-Timer-Thread-135473058846704-135473057105600 parsl.jobs.strategy:312 _general_strategy DEBUG: [Scaling executor HighThroughputExecutor] Strategy case 3: no changes necessary to current block load
1775026069.692263 2026-04-01 01:47:49 MainProcess-2057623 JobStatusPoller-Timer-Thread-135473058846704-135473057105600 parsl.process_loggers:27 wrapped DEBUG: Normal ending for _general_strategy on thread JobStatusPoller-Timer-Thread-135473058846704
1775026074.697304 2026-04-01 01:47:54 MainProcess-2057623 JobStatusPoller-Timer-Thread-135473058846704-135473057105600 parsl.executors.high_throughput.zmq_pipes:77 run DEBUG: Sending command client command
1775026074.697461 2026-04-01 01:47:54 MainProcess-2057623 JobStatusPoller-Timer-Thread-135473058846704-135473057105600 parsl.executors.high_throughput.zmq_pipes:104 run DEBUG: Receiving command client response
1775026074.698420 2026-04-01 01:47:54 MainProcess-2057623 JobStatusPoller-Timer-Thread-135473058846704-135473057105600 parsl.executors.high_throughput.zmq_pipes:106 run DEBUG: Received command client response
1775026074.698521 2026-04-01 01:47:54 MainProcess-2057623 JobStatusPoller-Timer-Thread-135473058846704-135473057105600 parsl.jobs.strategy:184 _general_strategy DEBUG: general strategy starting with strategy_type simple for 1 executors
1775026074.698571 2026-04-01 01:47:54 MainProcess-2057623 JobStatusPoller-Timer-Thread-135473058846704-135473057105600 parsl.jobs.strategy:194 _general_strategy DEBUG: [Scaling executor HighThroughputExecutor] Strategizing for executor
1775026074.698626 2026-04-01 01:47:54 MainProcess-2057623 JobStatusPoller-Timer-Thread-135473058846704-135473057105600 parsl.jobs.strategy:220 _general_strategy DEBUG: [Scaling executor HighThroughputExecutor] Executor 2 active tasks, 2 active slots, and 1/0 running/pending blocks
1775026074.698676 2026-04-01 01:47:54 MainProcess-2057623 JobStatusPoller-Timer-Thread-135473058846704-135473057105600 parsl.jobs.strategy:312 _general_strategy DEBUG: [Scaling executor HighThroughputExecutor] Strategy case 3: no changes necessary to current block load
1775026074.698719 2026-04-01 01:47:54 MainProcess-2057623 JobStatusPoller-Timer-Thread-135473058846704-135473057105600 parsl.process_loggers:27 wrapped DEBUG: Normal ending for _general_strategy on thread JobStatusPoller-Timer-Thread-135473058846704
1775026079.704318 2026-04-01 01:47:59 MainProcess-2057623 JobStatusPoller-Timer-Thread-135473058846704-135473057105600 parsl.executors.high_throughput.zmq_pipes:77 run DEBUG: Sending command client command
1775026079.704475 2026-04-01 01:47:59 MainProcess-2057623 JobStatusPoller-Timer-Thread-135473058846704-135473057105600 parsl.executors.high_throughput.zmq_pipes:104 run DEBUG: Receiving command client response
1775026079.711467 2026-04-01 01:47:59 MainProcess-2057623 JobStatusPoller-Timer-Thread-135473058846704-135473057105600 parsl.executors.high_throughput.zmq_pipes:106 run DEBUG: Received command client response
1775026079.711557 2026-04-01 01:47:59 MainProcess-2057623 JobStatusPoller-Timer-Thread-135473058846704-135473057105600 parsl.jobs.strategy:184 _general_strategy DEBUG: general strategy starting with strategy_type simple for 1 executors
1775026079.711605 2026-04-01 01:47:59 MainProcess-2057623 JobStatusPoller-Timer-Thread-135473058846704-135473057105600 parsl.jobs.strategy:194 _general_strategy DEBUG: [Scaling executor HighThroughputExecutor] Strategizing for executor
1775026079.711659 2026-04-01 01:47:59 MainProcess-2057623 JobStatusPoller-Timer-Thread-135473058846704-135473057105600 parsl.jobs.strategy:220 _general_strategy DEBUG: [Scaling executor HighThroughputExecutor] Executor 2 active tasks, 2 active slots, and 1/0 running/pending blocks
1775026079.711721 2026-04-01 01:47:59 MainProcess-2057623 JobStatusPoller-Timer-Thread-135473058846704-135473057105600 parsl.jobs.strategy:312 _general_strategy DEBUG: [Scaling executor HighThroughputExecutor] Strategy case 3: no changes necessary to current block load
1775026079.711765 2026-04-01 01:47:59 MainProcess-2057623 JobStatusPoller-Timer-Thread-135473058846704-135473057105600 parsl.process_loggers:27 wrapped DEBUG: Normal ending for _general_strategy on thread JobStatusPoller-Timer-Thread-135473058846704
1775026084.712142 2026-04-01 01:48:04 MainProcess-2057623 JobStatusPoller-Timer-Thread-135473058846704-135473057105600 parsl.executors.high_throughput.zmq_pipes:77 run DEBUG: Sending command client command
1775026084.712348 2026-04-01 01:48:04 MainProcess-2057623 JobStatusPoller-Timer-Thread-135473058846704-135473057105600 parsl.executors.high_throughput.zmq_pipes:104 run DEBUG: Receiving command client response
1775026084.726552 2026-04-01 01:48:04 MainProcess-2057623 JobStatusPoller-Timer-Thread-135473058846704-135473057105600 parsl.executors.high_throughput.zmq_pipes:106 run DEBUG: Received command client response
1775026084.726653 2026-04-01 01:48:04 MainProcess-2057623 JobStatusPoller-Timer-Thread-135473058846704-135473057105600 parsl.jobs.strategy:184 _general_strategy DEBUG: general strategy starting with strategy_type simple for 1 executors
1775026084.726702 2026-04-01 01:48:04 MainProcess-2057623 JobStatusPoller-Timer-Thread-135473058846704-135473057105600 parsl.jobs.strategy:194 _general_strategy DEBUG: [Scaling executor HighThroughputExecutor] Strategizing for executor
1775026084.726761 2026-04-01 01:48:04 MainProcess-2057623 JobStatusPoller-Timer-Thread-135473058846704-135473057105600 parsl.jobs.strategy:220 _general_strategy DEBUG: [Scaling executor HighThroughputExecutor] Executor 2 active tasks, 2 active slots, and 1/0 running/pending blocks
1775026084.726812 2026-04-01 01:48:04 MainProcess-2057623 JobStatusPoller-Timer-Thread-135473058846704-135473057105600 parsl.jobs.strategy:312 _general_strategy DEBUG: [Scaling executor HighThroughputExecutor] Strategy case 3: no changes necessary to current block load
1775026084.726856 2026-04-01 01:48:04 MainProcess-2057623 JobStatusPoller-Timer-Thread-135473058846704-135473057105600 parsl.process_loggers:27 wrapped DEBUG: Normal ending for _general_strategy on thread JobStatusPoller-Timer-Thread-135473058846704
1775026089.736320 2026-04-01 01:48:09 MainProcess-2057623 JobStatusPoller-Timer-Thread-135473058846704-135473057105600 parsl.executors.high_throughput.zmq_pipes:77 run DEBUG: Sending command client command
1775026089.736479 2026-04-01 01:48:09 MainProcess-2057623 JobStatusPoller-Timer-Thread-135473058846704-135473057105600 parsl.executors.high_throughput.zmq_pipes:104 run DEBUG: Receiving command client response
1775026089.737016 2026-04-01 01:48:09 MainProcess-2057623 JobStatusPoller-Timer-Thread-135473058846704-135473057105600 parsl.executors.high_throughput.zmq_pipes:106 run DEBUG: Received command client response
1775026089.737100 2026-04-01 01:48:09 MainProcess-2057623 JobStatusPoller-Timer-Thread-135473058846704-135473057105600 parsl.jobs.strategy:184 _general_strategy DEBUG: general strategy starting with strategy_type simple for 1 executors
1775026089.737161 2026-04-01 01:48:09 MainProcess-2057623 JobStatusPoller-Timer-Thread-135473058846704-135473057105600 parsl.jobs.strategy:194 _general_strategy DEBUG: [Scaling executor HighThroughputExecutor] Strategizing for executor
1775026089.737216 2026-04-01 01:48:09 MainProcess-2057623 JobStatusPoller-Timer-Thread-135473058846704-135473057105600 parsl.jobs.strategy:220 _general_strategy DEBUG: [Scaling executor HighThroughputExecutor] Executor 2 active tasks, 2 active slots, and 1/0 running/pending blocks
1775026089.737266 2026-04-01 01:48:09 MainProcess-2057623 JobStatusPoller-Timer-Thread-135473058846704-135473057105600 parsl.jobs.strategy:312 _general_strategy DEBUG: [Scaling executor HighThroughputExecutor] Strategy case 3: no changes necessary to current block load
1775026089.737321 2026-04-01 01:48:09 MainProcess-2057623 JobStatusPoller-Timer-Thread-135473058846704-135473057105600 parsl.process_loggers:27 wrapped DEBUG: Normal ending for _general_strategy on thread JobStatusPoller-Timer-Thread-135473058846704
1775026092.833080 2026-04-01 01:48:12 MainProcess-2057623 MainThread-135475767363392 parsl.dataflow.dflow:1090 atexit_cleanup WARNING: Python is exiting with a DFK still running. You should call parsl.dfk().cleanup() before exiting to release any resources
